<?xml version="1.0" encoding="UTF-8"?>
<testng-results skipped="0" failed="5" total="49" passed="44">
  <reporter-output>
    <line>
      <![CDATA[Clicked on Login Link||]]>
    </line>
    <line>
      <![CDATA[<EnterText on Login textbox as admin>||]]>
    </line>
    <line>
      <![CDATA[<EnterText on Password textbox as admin>||]]>
    </line>
    <line>
      <![CDATA[Clicked on Authenticate button||]]>
    </line>
    <line>
      <![CDATA[Clicked on Entities Menu||]]>
    </line>
    <line>
      <![CDATA[Clicked on Entities Branch Menu||]]>
    </line>
    <line>
      <![CDATA[Clicked on Create New Branch Button||]]>
    </line>
    <line>
      <![CDATA[<EnterText on New Branch Name textbox as Information Tech>||]]>
    </line>
    <line>
      <![CDATA[<EnterText on New Branch Code textbox as IT001>||]]>
    </line>
    <line>
      <![CDATA[Clicked on Cancel Button||]]>
    </line>
    <line>
      <![CDATA[Clicked on Create New Branch Button||]]>
    </line>
    <line>
      <![CDATA[<EnterText on New Branch Name textbox as Information Tech>||]]>
    </line>
    <line>
      <![CDATA[<EnterText on New Branch Code textbox as IT001>||]]>
    </line>
    <line>
      <![CDATA[Clicked on Save Button||]]>
    </line>
    <line>
      <![CDATA[Clicked on Account Menu||]]>
    </line>
    <line>
      <![CDATA[Clicked on Account Logout||]]>
    </line>
    <line>
      <![CDATA[Clicked on Login Link||]]>
    </line>
    <line>
      <![CDATA[<EnterText on Login textbox as admin>||]]>
    </line>
    <line>
      <![CDATA[<EnterText on Password textbox as admin>||]]>
    </line>
    <line>
      <![CDATA[Clicked on Authenticate button||]]>
    </line>
    <line>
      <![CDATA[Clicked on Entities Menu||]]>
    </line>
    <line>
      <![CDATA[Clicked on Entities Branch Menu||]]>
    </line>
    <line>
      <![CDATA[Clicked on Create New Branch Button||]]>
    </line>
    <line>
      <![CDATA[<EnterText on New Branch Name textbox as System Support>||]]>
    </line>
    <line>
      <![CDATA[<EnterText on New Branch Code textbox as SS001>||]]>
    </line>
    <line>
      <![CDATA[Clicked on Cancel Button||]]>
    </line>
    <line>
      <![CDATA[Clicked on Create New Branch Button||]]>
    </line>
    <line>
      <![CDATA[<EnterText on New Branch Name textbox as System Support>||]]>
    </line>
    <line>
      <![CDATA[<EnterText on New Branch Code textbox as SS001>||]]>
    </line>
    <line>
      <![CDATA[Clicked on Save Button||]]>
    </line>
    <line>
      <![CDATA[Clicked on Account Menu||]]>
    </line>
    <line>
      <![CDATA[Clicked on Account Logout||]]>
    </line>
    <line>
      <![CDATA[Clicked on Login Link||]]>
    </line>
    <line>
      <![CDATA[<EnterText on Login textbox as admin>||]]>
    </line>
    <line>
      <![CDATA[<EnterText on Password textbox as admin>||]]>
    </line>
    <line>
      <![CDATA[Clicked on Authenticate button||]]>
    </line>
    <line>
      <![CDATA[Clicked on Entities Menu||]]>
    </line>
    <line>
      <![CDATA[Clicked on Entities Branch Menu||]]>
    </line>
    <line>
      <![CDATA[Clicked on Create New Branch Button||]]>
    </line>
    <line>
      <![CDATA[<EnterText on New Branch Name textbox as Human Resource>||]]>
    </line>
    <line>
      <![CDATA[<EnterText on New Branch Code textbox as HR001>||]]>
    </line>
    <line>
      <![CDATA[Clicked on Cancel Button||]]>
    </line>
    <line>
      <![CDATA[Clicked on Create New Branch Button||]]>
    </line>
    <line>
      <![CDATA[<EnterText on New Branch Name textbox as Human Resource>||]]>
    </line>
    <line>
      <![CDATA[<EnterText on New Branch Code textbox as HR001>||]]>
    </line>
    <line>
      <![CDATA[Clicked on Save Button||]]>
    </line>
    <line>
      <![CDATA[Clicked on Account Menu||]]>
    </line>
    <line>
      <![CDATA[Clicked on Account Logout||]]>
    </line>
    <line>
      <![CDATA[Clicked on Login Link||]]>
    </line>
    <line>
      <![CDATA[<EnterText on Login textbox as admin>||]]>
    </line>
    <line>
      <![CDATA[<EnterText on Password textbox as admin>||]]>
    </line>
    <line>
      <![CDATA[Clicked on Authenticate button||]]>
    </line>
    <line>
      <![CDATA[Clicked on Entities Menu||]]>
    </line>
    <line>
      <![CDATA[Clicked on Entities Branch Menu||]]>
    </line>
    <line>
      <![CDATA[Clicked on Create New Branch Button||]]>
    </line>
    <line>
      <![CDATA[<EnterText on New Branch Name textbox as Finance>||]]>
    </line>
    <line>
      <![CDATA[<EnterText on New Branch Code textbox as FN001>||]]>
    </line>
    <line>
      <![CDATA[Clicked on Cancel Button||]]>
    </line>
    <line>
      <![CDATA[Clicked on Create New Branch Button||]]>
    </line>
    <line>
      <![CDATA[<EnterText on New Branch Name textbox as Finance>||]]>
    </line>
    <line>
      <![CDATA[<EnterText on New Branch Code textbox as FN001>||]]>
    </line>
    <line>
      <![CDATA[Clicked on Save Button||]]>
    </line>
    <line>
      <![CDATA[Clicked on Account Menu||]]>
    </line>
    <line>
      <![CDATA[Clicked on Account Logout||]]>
    </line>
    <line>
      <![CDATA[Clicked on Login Link||]]>
    </line>
    <line>
      <![CDATA[<EnterText on Login textbox as admin>||]]>
    </line>
    <line>
      <![CDATA[<EnterText on Password textbox as admin>||]]>
    </line>
    <line>
      <![CDATA[Clicked on Authenticate button||]]>
    </line>
    <line>
      <![CDATA[Clicked on Entities Menu||]]>
    </line>
    <line>
      <![CDATA[Clicked on Entities Branch Menu||]]>
    </line>
    <line>
      <![CDATA[Clicked on Create New Branch Button||]]>
    </line>
    <line>
      <![CDATA[<EnterText on New Branch Name textbox as Legal>||]]>
    </line>
    <line>
      <![CDATA[<EnterText on New Branch Code textbox as LG001>||]]>
    </line>
    <line>
      <![CDATA[Clicked on Cancel Button||]]>
    </line>
    <line>
      <![CDATA[Clicked on Create New Branch Button||]]>
    </line>
    <line>
      <![CDATA[<EnterText on New Branch Name textbox as Legal>||]]>
    </line>
    <line>
      <![CDATA[<EnterText on New Branch Code textbox as LG001>||]]>
    </line>
    <line>
      <![CDATA[Clicked on Save Button||]]>
    </line>
    <line>
      <![CDATA[Clicked on Account Menu||]]>
    </line>
    <line>
      <![CDATA[Clicked on Account Logout||]]>
    </line>
    <line>
      <![CDATA[Clicked on Login Link||]]>
    </line>
    <line>
      <![CDATA[<EnterText on Login textbox as admin>||]]>
    </line>
    <line>
      <![CDATA[<EnterText on Password textbox as admin>||]]>
    </line>
    <line>
      <![CDATA[Clicked on Authenticate button||]]>
    </line>
    <line>
      <![CDATA[Clicked on Entities Menu||]]>
    </line>
    <line>
      <![CDATA[Clicked on Entities Branch Menu||]]>
    </line>
    <line>
      <![CDATA[Clicked on Create New Branch Button||]]>
    </line>
    <line>
      <![CDATA[<EnterText on New Branch Name textbox as Customer Service>||]]>
    </line>
    <line>
      <![CDATA[<EnterText on New Branch Code textbox as CS001>||]]>
    </line>
    <line>
      <![CDATA[Clicked on Cancel Button||]]>
    </line>
    <line>
      <![CDATA[Clicked on Create New Branch Button||]]>
    </line>
    <line>
      <![CDATA[<EnterText on New Branch Name textbox as Customer Service>||]]>
    </line>
    <line>
      <![CDATA[<EnterText on New Branch Code textbox as CS001>||]]>
    </line>
    <line>
      <![CDATA[Clicked on Save Button||]]>
    </line>
    <line>
      <![CDATA[Clicked on Account Menu||]]>
    </line>
    <line>
      <![CDATA[Clicked on Account Logout||]]>
    </line>
    <line>
      <![CDATA[Clicked on Login Link||]]>
    </line>
    <line>
      <![CDATA[<EnterText on Login textbox as admin>||]]>
    </line>
    <line>
      <![CDATA[<EnterText on Password textbox as admin>||]]>
    </line>
    <line>
      <![CDATA[Clicked on Authenticate button||]]>
    </line>
    <line>
      <![CDATA[Clicked on Entities Menu||]]>
    </line>
    <line>
      <![CDATA[Clicked on Entities Branch Menu||]]>
    </line>
    <line>
      <![CDATA[Clicked on Create New Branch Button||]]>
    </line>
    <line>
      <![CDATA[<EnterText on New Branch Name textbox as Operations>||]]>
    </line>
    <line>
      <![CDATA[<EnterText on New Branch Code textbox as OP001>||]]>
    </line>
    <line>
      <![CDATA[Clicked on Cancel Button||]]>
    </line>
    <line>
      <![CDATA[Clicked on Create New Branch Button||]]>
    </line>
    <line>
      <![CDATA[<EnterText on New Branch Name textbox as Operations>||]]>
    </line>
    <line>
      <![CDATA[<EnterText on New Branch Code textbox as OP001>||]]>
    </line>
    <line>
      <![CDATA[Clicked on Save Button||]]>
    </line>
    <line>
      <![CDATA[Clicked on Account Menu||]]>
    </line>
    <line>
      <![CDATA[Clicked on Account Logout||]]>
    </line>
    <line>
      <![CDATA[Clicked on Login Link||]]>
    </line>
    <line>
      <![CDATA[<EnterText on Login textbox as admin>||]]>
    </line>
    <line>
      <![CDATA[<EnterText on Password textbox as admin>||]]>
    </line>
    <line>
      <![CDATA[Clicked on Authenticate button||]]>
    </line>
    <line>
      <![CDATA[Clicked on Entities Menu||]]>
    </line>
    <line>
      <![CDATA[Clicked on Entities Branch Menu||]]>
    </line>
    <line>
      <![CDATA[Clicked on Create New Branch Button||]]>
    </line>
    <line>
      <![CDATA[<EnterText on New Branch Name textbox as Marketing>||]]>
    </line>
    <line>
      <![CDATA[<EnterText on New Branch Code textbox as MR001>||]]>
    </line>
    <line>
      <![CDATA[Clicked on Cancel Button||]]>
    </line>
    <line>
      <![CDATA[Clicked on Create New Branch Button||]]>
    </line>
    <line>
      <![CDATA[<EnterText on New Branch Name textbox as Marketing>||]]>
    </line>
    <line>
      <![CDATA[<EnterText on New Branch Code textbox as MR001>||]]>
    </line>
    <line>
      <![CDATA[Clicked on Save Button||]]>
    </line>
    <line>
      <![CDATA[Clicked on Account Menu||]]>
    </line>
    <line>
      <![CDATA[Clicked on Account Logout||]]>
    </line>
    <line>
      <![CDATA[Clicked on Login Link||]]>
    </line>
    <line>
      <![CDATA[<EnterText on Login textbox as admin>||]]>
    </line>
    <line>
      <![CDATA[<EnterText on Password textbox as admin>||]]>
    </line>
    <line>
      <![CDATA[Clicked on Authenticate button||]]>
    </line>
    <line>
      <![CDATA[Clicked on Entities Menu||]]>
    </line>
    <line>
      <![CDATA[Clicked on Entities Branch Menu||]]>
    </line>
    <line>
      <![CDATA[Clicked on Create New Branch Button||]]>
    </line>
    <line>
      <![CDATA[<EnterText on New Branch Name textbox as Sales>||]]>
    </line>
    <line>
      <![CDATA[<EnterText on New Branch Code textbox as IB001>||]]>
    </line>
    <line>
      <![CDATA[Clicked on Cancel Button||]]>
    </line>
    <line>
      <![CDATA[Clicked on Create New Branch Button||]]>
    </line>
    <line>
      <![CDATA[<EnterText on New Branch Name textbox as Sales>||]]>
    </line>
    <line>
      <![CDATA[<EnterText on New Branch Code textbox as IB001>||]]>
    </line>
    <line>
      <![CDATA[Clicked on Save Button||]]>
    </line>
    <line>
      <![CDATA[Clicked on Account Menu||]]>
    </line>
    <line>
      <![CDATA[Clicked on Account Logout||]]>
    </line>
    <line>
      <![CDATA[Clicked on Login Link||]]>
    </line>
    <line>
      <![CDATA[<EnterText on Login textbox as admin>||]]>
    </line>
    <line>
      <![CDATA[<EnterText on Password textbox as admin>||]]>
    </line>
    <line>
      <![CDATA[Clicked on Authenticate button||]]>
    </line>
    <line>
      <![CDATA[Clicked on Entities Menu||]]>
    </line>
    <line>
      <![CDATA[Clicked on Entities Branch Menu||]]>
    </line>
    <line>
      <![CDATA[Clicked on Create New Branch Button||]]>
    </line>
    <line>
      <![CDATA[<EnterText on New Branch Name textbox as Accounting>||]]>
    </line>
    <line>
      <![CDATA[<EnterText on New Branch Code textbox as AC001>||]]>
    </line>
    <line>
      <![CDATA[Clicked on Cancel Button||]]>
    </line>
    <line>
      <![CDATA[Clicked on Create New Branch Button||]]>
    </line>
    <line>
      <![CDATA[<EnterText on New Branch Name textbox as Accounting>||]]>
    </line>
    <line>
      <![CDATA[<EnterText on New Branch Code textbox as AC001>||]]>
    </line>
    <line>
      <![CDATA[Clicked on Save Button||]]>
    </line>
    <line>
      <![CDATA[Clicked on Account Menu||]]>
    </line>
    <line>
      <![CDATA[Clicked on Account Logout||]]>
    </line>
    <line>
      <![CDATA[Clicked on Login Link||]]>
    </line>
    <line>
      <![CDATA[<EnterText on Login textbox as admin>||]]>
    </line>
    <line>
      <![CDATA[<EnterText on Password textbox as admin>||]]>
    </line>
    <line>
      <![CDATA[Clicked on Authenticate button||]]>
    </line>
    <line>
      <![CDATA[Clicked on Entities Menu||]]>
    </line>
    <line>
      <![CDATA[Clicked on Entities Branch Menu||]]>
    </line>
    <line>
      <![CDATA[Clicked on Create New Branch Button||]]>
    </line>
    <line>
      <![CDATA[<EnterText on New Branch Name textbox as Business Comm>||]]>
    </line>
    <line>
      <![CDATA[<EnterText on New Branch Code textbox as BC001>||]]>
    </line>
    <line>
      <![CDATA[Clicked on Cancel Button||]]>
    </line>
    <line>
      <![CDATA[Clicked on Create New Branch Button||]]>
    </line>
    <line>
      <![CDATA[<EnterText on New Branch Name textbox as Business Comm>||]]>
    </line>
    <line>
      <![CDATA[<EnterText on New Branch Code textbox as BC001>||]]>
    </line>
    <line>
      <![CDATA[Clicked on Save Button||]]>
    </line>
    <line>
      <![CDATA[Clicked on Account Menu||]]>
    </line>
    <line>
      <![CDATA[Clicked on Account Logout||]]>
    </line>
    <line>
      <![CDATA[Clicked on Login Link||]]>
    </line>
    <line>
      <![CDATA[<EnterText on Login textbox as admin>||]]>
    </line>
    <line>
      <![CDATA[<EnterText on Password textbox as admin>||]]>
    </line>
    <line>
      <![CDATA[Clicked on Authenticate button||]]>
    </line>
    <line>
      <![CDATA[Clicked on Entities Menu||]]>
    </line>
    <line>
      <![CDATA[Clicked on Entities Branch Menu||]]>
    </line>
    <line>
      <![CDATA[Clicked on Create New Branch Button||]]>
    </line>
    <line>
      <![CDATA[<EnterText on New Branch Name textbox as Real Estate>||]]>
    </line>
    <line>
      <![CDATA[<EnterText on New Branch Code textbox as RE001>||]]>
    </line>
    <line>
      <![CDATA[Clicked on Cancel Button||]]>
    </line>
    <line>
      <![CDATA[Clicked on Create New Branch Button||]]>
    </line>
    <line>
      <![CDATA[<EnterText on New Branch Name textbox as Real Estate>||]]>
    </line>
    <line>
      <![CDATA[<EnterText on New Branch Code textbox as RE001>||]]>
    </line>
    <line>
      <![CDATA[Clicked on Save Button||]]>
    </line>
    <line>
      <![CDATA[Clicked on Account Menu||]]>
    </line>
    <line>
      <![CDATA[Clicked on Account Logout||]]>
    </line>
    <line>
      <![CDATA[Clicked on Login Link||]]>
    </line>
    <line>
      <![CDATA[<EnterText on Login textbox as admin>||]]>
    </line>
    <line>
      <![CDATA[<EnterText on Password textbox as admin>||]]>
    </line>
    <line>
      <![CDATA[Clicked on Authenticate button||]]>
    </line>
    <line>
      <![CDATA[Clicked on Entities Menu||]]>
    </line>
    <line>
      <![CDATA[Clicked on Entities Branch Menu||]]>
    </line>
    <line>
      <![CDATA[Clicked on Create New Branch Button||]]>
    </line>
    <line>
      <![CDATA[<EnterText on New Branch Name textbox as Business Admin>||]]>
    </line>
    <line>
      <![CDATA[<EnterText on New Branch Code textbox as BA001>||]]>
    </line>
    <line>
      <![CDATA[Clicked on Cancel Button||]]>
    </line>
    <line>
      <![CDATA[Clicked on Create New Branch Button||]]>
    </line>
    <line>
      <![CDATA[<EnterText on New Branch Name textbox as Business Admin>||]]>
    </line>
    <line>
      <![CDATA[<EnterText on New Branch Code textbox as BA001>||]]>
    </line>
    <line>
      <![CDATA[Clicked on Save Button||]]>
    </line>
    <line>
      <![CDATA[Clicked on Account Menu||]]>
    </line>
    <line>
      <![CDATA[Clicked on Account Logout||]]>
    </line>
    <line>
      <![CDATA[Clicked on Login Link||]]>
    </line>
    <line>
      <![CDATA[<EnterText on Login textbox as admin>||]]>
    </line>
    <line>
      <![CDATA[<EnterText on Password textbox as admin>||]]>
    </line>
    <line>
      <![CDATA[Clicked on Authenticate button||]]>
    </line>
    <line>
      <![CDATA[Clicked on Entities Menu||]]>
    </line>
    <line>
      <![CDATA[Clicked on Entities Branch Menu||]]>
    </line>
    <line>
      <![CDATA[Clicked on Create New Branch Button||]]>
    </line>
    <line>
      <![CDATA[<EnterText on New Branch Name textbox as Business Management>||]]>
    </line>
    <line>
      <![CDATA[<EnterText on New Branch Code textbox as BM001>||]]>
    </line>
    <line>
      <![CDATA[Clicked on Cancel Button||]]>
    </line>
    <line>
      <![CDATA[Clicked on Create New Branch Button||]]>
    </line>
    <line>
      <![CDATA[<EnterText on New Branch Name textbox as Business Management>||]]>
    </line>
    <line>
      <![CDATA[<EnterText on New Branch Code textbox as BM001>||]]>
    </line>
    <line>
      <![CDATA[Clicked on Save Button||]]>
    </line>
    <line>
      <![CDATA[Clicked on Account Menu||]]>
    </line>
    <line>
      <![CDATA[Clicked on Account Logout||]]>
    </line>
    <line>
      <![CDATA[Clicked on Login Link||]]>
    </line>
    <line>
      <![CDATA[<EnterText on Login textbox as admin>||]]>
    </line>
    <line>
      <![CDATA[<EnterText on Password textbox as admin>||]]>
    </line>
    <line>
      <![CDATA[Clicked on Authenticate button||]]>
    </line>
    <line>
      <![CDATA[Clicked on Entities Menu||]]>
    </line>
    <line>
      <![CDATA[Clicked on Entities Branch Menu||]]>
    </line>
    <line>
      <![CDATA[Clicked on Create New Branch Button||]]>
    </line>
    <line>
      <![CDATA[<EnterText on New Branch Name textbox as Consulting>||]]>
    </line>
    <line>
      <![CDATA[<EnterText on New Branch Code textbox as CN001>||]]>
    </line>
    <line>
      <![CDATA[Clicked on Cancel Button||]]>
    </line>
    <line>
      <![CDATA[Clicked on Create New Branch Button||]]>
    </line>
    <line>
      <![CDATA[<EnterText on New Branch Name textbox as Consulting>||]]>
    </line>
    <line>
      <![CDATA[<EnterText on New Branch Code textbox as CN001>||]]>
    </line>
    <line>
      <![CDATA[Clicked on Save Button||]]>
    </line>
    <line>
      <![CDATA[Clicked on Account Menu||]]>
    </line>
    <line>
      <![CDATA[Clicked on Account Logout||]]>
    </line>
    <line>
      <![CDATA[Clicked on Login Link||]]>
    </line>
    <line>
      <![CDATA[<EnterText on Login textbox as admin>||]]>
    </line>
    <line>
      <![CDATA[<EnterText on Password textbox as admin>||]]>
    </line>
    <line>
      <![CDATA[Clicked on Authenticate button||]]>
    </line>
    <line>
      <![CDATA[Clicked on Entities Menu||]]>
    </line>
    <line>
      <![CDATA[Clicked on Entities Branch Menu||]]>
    </line>
    <line>
      <![CDATA[Clicked on Delete Branch Button||]]>
    </line>
    <line>
      <![CDATA[Clicked on Cancel Delete Branch Button||]]>
    </line>
    <line>
      <![CDATA[Clicked on Delete Branch Button||]]>
    </line>
    <line>
      <![CDATA[Clicked on Confirm Delete Branch Button||]]>
    </line>
    <line>
      <![CDATA[Clicked on Account Menu||]]>
    </line>
    <line>
      <![CDATA[Clicked on Account Logout||]]>
    </line>
    <line>
      <![CDATA[Clicked on Login Link||]]>
    </line>
    <line>
      <![CDATA[<EnterText on Login textbox as admin>||]]>
    </line>
    <line>
      <![CDATA[<EnterText on Password textbox as admin>||]]>
    </line>
    <line>
      <![CDATA[Clicked on Authenticate button||]]>
    </line>
    <line>
      <![CDATA[Clicked on Entities Menu||]]>
    </line>
    <line>
      <![CDATA[Clicked on Entities Branch Menu||]]>
    </line>
    <line>
      <![CDATA[[FAILURE] Requested record is not present in the list||]]>
    </line>
    <line>
      <![CDATA[Clicked on Login Link||]]>
    </line>
    <line>
      <![CDATA[<EnterText on Login textbox as admin>||]]>
    </line>
    <line>
      <![CDATA[<EnterText on Password textbox as admin>||]]>
    </line>
    <line>
      <![CDATA[Clicked on Authenticate button||]]>
    </line>
    <line>
      <![CDATA[Clicked on Entities Menu||]]>
    </line>
    <line>
      <![CDATA[Clicked on Entities Branch Menu||]]>
    </line>
    <line>
      <![CDATA[Clicked on Edit Branch Button||]]>
    </line>
    <line>
      <![CDATA[Details are as expected when editing Branch Details||]]>
    </line>
    <line>
      <![CDATA[<EnterText on New Branch Name textbox as Operations Research>||]]>
    </line>
    <line>
      <![CDATA[<EnterText on New Branch Code textbox as OR001>||]]>
    </line>
    <line>
      <![CDATA[Clicked on Cancel Button||]]>
    </line>
    <line>
      <![CDATA[Clicked on Edit Branch Button||]]>
    </line>
    <line>
      <![CDATA[<EnterText on New Branch Name textbox as Operations Research>||]]>
    </line>
    <line>
      <![CDATA[<EnterText on New Branch Code textbox as OR001>||]]>
    </line>
    <line>
      <![CDATA[Clicked on Save Button||]]>
    </line>
    <line>
      <![CDATA[Clicked on Account Menu||]]>
    </line>
    <line>
      <![CDATA[Clicked on Account Logout||]]>
    </line>
    <line>
      <![CDATA[Clicked on Login Link||]]>
    </line>
    <line>
      <![CDATA[<EnterText on Login textbox as admin>||]]>
    </line>
    <line>
      <![CDATA[<EnterText on Password textbox as admin>||]]>
    </line>
    <line>
      <![CDATA[Clicked on Authenticate button||]]>
    </line>
    <line>
      <![CDATA[Clicked on Entities Menu||]]>
    </line>
    <line>
      <![CDATA[Clicked on Entities Branch Menu||]]>
    </line>
    <line>
      <![CDATA[<EnterText on Search Branch textbox as Software Tech>||]]>
    </line>
    <line>
      <![CDATA[Clicked on Search Branch Button||]]>
    </line>
    <line>
      <![CDATA[Clicked on Account Menu||]]>
    </line>
    <line>
      <![CDATA[Clicked on Account Logout||]]>
    </line>
    <line>
      <![CDATA[Clicked on Login Link||]]>
    </line>
    <line>
      <![CDATA[<EnterText on Login textbox as admin>||]]>
    </line>
    <line>
      <![CDATA[<EnterText on Password textbox as admin>||]]>
    </line>
    <line>
      <![CDATA[Clicked on Authenticate button||]]>
    </line>
    <line>
      <![CDATA[Clicked on Entities Menu||]]>
    </line>
    <line>
      <![CDATA[Clicked on Entities Branch Menu||]]>
    </line>
    <line>
      <![CDATA[<EnterText on Search Branch textbox as AC001>||]]>
    </line>
    <line>
      <![CDATA[Clicked on Search Branch Button||]]>
    </line>
    <line>
      <![CDATA[Clicked on Account Menu||]]>
    </line>
    <line>
      <![CDATA[Clicked on Account Logout||]]>
    </line>
    <line>
      <![CDATA[Clicked on Login Link||]]>
    </line>
    <line>
      <![CDATA[<EnterText on Login textbox as admin>||]]>
    </line>
    <line>
      <![CDATA[<EnterText on Password textbox as admin>||]]>
    </line>
    <line>
      <![CDATA[Clicked on Authenticate button||]]>
    </line>
    <line>
      <![CDATA[Clicked on Entities Menu||]]>
    </line>
    <line>
      <![CDATA[Clicked on Entities Branch Menu||]]>
    </line>
    <line>
      <![CDATA[Clicked on View Branch Button||]]>
    </line>
    <line>
      <![CDATA[Details are as expected when viewing Branch Details||]]>
    </line>
    <line>
      <![CDATA[Clicked on Back Button||]]>
    </line>
    <line>
      <![CDATA[Clicked on Account Menu||]]>
    </line>
    <line>
      <![CDATA[Clicked on Account Logout||]]>
    </line>
    <line>
      <![CDATA[Clicked on Login Link||]]>
    </line>
    <line>
      <![CDATA[<EnterText on Login textbox as admin>||]]>
    </line>
    <line>
      <![CDATA[<EnterText on Password textbox as admin>||]]>
    </line>
    <line>
      <![CDATA[Clicked on Authenticate button||]]>
    </line>
    <line>
      <![CDATA[Clicked on Entities Menu||]]>
    </line>
    <line>
      <![CDATA[Clicked on Entities Branch Menu||]]>
    </line>
    <line>
      <![CDATA[Clicked on View Branch Button||]]>
    </line>
    <line>
      <![CDATA[Details are as expected when viewing Branch Details||]]>
    </line>
    <line>
      <![CDATA[Clicked on Back Button||]]>
    </line>
    <line>
      <![CDATA[Clicked on Account Menu||]]>
    </line>
    <line>
      <![CDATA[Clicked on Account Logout||]]>
    </line>
    <line>
      <![CDATA[Clicked on Login Link||]]>
    </line>
    <line>
      <![CDATA[<EnterText on Login textbox as admin>||]]>
    </line>
    <line>
      <![CDATA[<EnterText on Password textbox as admin>||]]>
    </line>
    <line>
      <![CDATA[Clicked on Authenticate button||]]>
    </line>
    <line>
      <![CDATA[Clicked on Entities Menu||]]>
    </line>
    <line>
      <![CDATA[Clicked on Entities Branch Menu||]]>
    </line>
    <line>
      <![CDATA[Clicked on View Branch Button||]]>
    </line>
    <line>
      <![CDATA[Details are as expected when viewing Branch Details||]]>
    </line>
    <line>
      <![CDATA[Clicked on Back Button||]]>
    </line>
    <line>
      <![CDATA[Clicked on Account Menu||]]>
    </line>
    <line>
      <![CDATA[Clicked on Account Logout||]]>
    </line>
    <line>
      <![CDATA[Clicked on Login Link||]]>
    </line>
    <line>
      <![CDATA[<EnterText on Login textbox as admin>||]]>
    </line>
    <line>
      <![CDATA[<EnterText on Password textbox as admin>||]]>
    </line>
    <line>
      <![CDATA[Clicked on Authenticate button||]]>
    </line>
    <line>
      <![CDATA[Clicked on Entities Menu||]]>
    </line>
    <line>
      <![CDATA[Clicked on Entities Staff Menu||]]>
    </line>
    <line>
      <![CDATA[Clicked on Create New Staff Button||]]>
    </line>
    <line>
      <![CDATA[<EnterText on New Staff Name textbox as Alex Doe>||]]>
    </line>
    <line>
      <![CDATA[[FAILURE] New Staff Branch dropdowndoes not have the provided value ||]]>
    </line>
    <line>
      <![CDATA[Clicked on Login Link||]]>
    </line>
    <line>
      <![CDATA[<EnterText on Login textbox as admin>||]]>
    </line>
    <line>
      <![CDATA[<EnterText on Password textbox as admin>||]]>
    </line>
    <line>
      <![CDATA[Clicked on Authenticate button||]]>
    </line>
    <line>
      <![CDATA[Clicked on Entities Menu||]]>
    </line>
    <line>
      <![CDATA[Clicked on Entities Staff Menu||]]>
    </line>
    <line>
      <![CDATA[Clicked on Create New Staff Button||]]>
    </line>
    <line>
      <![CDATA[<EnterText on New Staff Name textbox as John Laker>||]]>
    </line>
    <line>
      <![CDATA[Clicked on Cancel Button||]]>
    </line>
    <line>
      <![CDATA[Clicked on Create New Staff Button||]]>
    </line>
    <line>
      <![CDATA[<EnterText on New Staff Name textbox as John Laker>||]]>
    </line>
    <line>
      <![CDATA[Clicked on Save Button||]]>
    </line>
    <line>
      <![CDATA[Clicked on Account Menu||]]>
    </line>
    <line>
      <![CDATA[Clicked on Account Logout||]]>
    </line>
    <line>
      <![CDATA[Clicked on Login Link||]]>
    </line>
    <line>
      <![CDATA[<EnterText on Login textbox as admin>||]]>
    </line>
    <line>
      <![CDATA[<EnterText on Password textbox as admin>||]]>
    </line>
    <line>
      <![CDATA[Clicked on Authenticate button||]]>
    </line>
    <line>
      <![CDATA[Clicked on Entities Menu||]]>
    </line>
    <line>
      <![CDATA[Clicked on Entities Staff Menu||]]>
    </line>
    <line>
      <![CDATA[Clicked on Create New Staff Button||]]>
    </line>
    <line>
      <![CDATA[<EnterText on New Staff Name textbox as Awotwi Uma>||]]>
    </line>
    <line>
      <![CDATA[Clicked on Cancel Button||]]>
    </line>
    <line>
      <![CDATA[Clicked on Create New Staff Button||]]>
    </line>
    <line>
      <![CDATA[<EnterText on New Staff Name textbox as Awotwi Uma>||]]>
    </line>
    <line>
      <![CDATA[Clicked on Save Button||]]>
    </line>
    <line>
      <![CDATA[Clicked on Account Menu||]]>
    </line>
    <line>
      <![CDATA[Clicked on Account Logout||]]>
    </line>
    <line>
      <![CDATA[Clicked on Login Link||]]>
    </line>
    <line>
      <![CDATA[<EnterText on Login textbox as admin>||]]>
    </line>
    <line>
      <![CDATA[<EnterText on Password textbox as admin>||]]>
    </line>
    <line>
      <![CDATA[Clicked on Authenticate button||]]>
    </line>
    <line>
      <![CDATA[Clicked on Entities Menu||]]>
    </line>
    <line>
      <![CDATA[Clicked on Entities Staff Menu||]]>
    </line>
    <line>
      <![CDATA[Clicked on Create New Staff Button||]]>
    </line>
    <line>
      <![CDATA[<EnterText on New Staff Name textbox as Amita Micah>||]]>
    </line>
    <line>
      <![CDATA[Clicked on Cancel Button||]]>
    </line>
    <line>
      <![CDATA[Clicked on Create New Staff Button||]]>
    </line>
    <line>
      <![CDATA[<EnterText on New Staff Name textbox as Amita Micah>||]]>
    </line>
    <line>
      <![CDATA[Clicked on Save Button||]]>
    </line>
    <line>
      <![CDATA[Clicked on Account Menu||]]>
    </line>
    <line>
      <![CDATA[Clicked on Account Logout||]]>
    </line>
    <line>
      <![CDATA[Clicked on Login Link||]]>
    </line>
    <line>
      <![CDATA[<EnterText on Login textbox as admin>||]]>
    </line>
    <line>
      <![CDATA[<EnterText on Password textbox as admin>||]]>
    </line>
    <line>
      <![CDATA[Clicked on Authenticate button||]]>
    </line>
    <line>
      <![CDATA[Clicked on Entities Menu||]]>
    </line>
    <line>
      <![CDATA[Clicked on Entities Staff Menu||]]>
    </line>
    <line>
      <![CDATA[Clicked on Create New Staff Button||]]>
    </line>
    <line>
      <![CDATA[<EnterText on New Staff Name textbox as Nedeljka Jarred>||]]>
    </line>
    <line>
      <![CDATA[Clicked on Cancel Button||]]>
    </line>
    <line>
      <![CDATA[Clicked on Create New Staff Button||]]>
    </line>
    <line>
      <![CDATA[<EnterText on New Staff Name textbox as Nedeljka Jarred>||]]>
    </line>
    <line>
      <![CDATA[Clicked on Save Button||]]>
    </line>
    <line>
      <![CDATA[Clicked on Account Menu||]]>
    </line>
    <line>
      <![CDATA[Clicked on Account Logout||]]>
    </line>
    <line>
      <![CDATA[Clicked on Login Link||]]>
    </line>
    <line>
      <![CDATA[<EnterText on Login textbox as admin>||]]>
    </line>
    <line>
      <![CDATA[<EnterText on Password textbox as admin>||]]>
    </line>
    <line>
      <![CDATA[Clicked on Authenticate button||]]>
    </line>
    <line>
      <![CDATA[Clicked on Entities Menu||]]>
    </line>
    <line>
      <![CDATA[Clicked on Entities Staff Menu||]]>
    </line>
    <line>
      <![CDATA[Clicked on Create New Staff Button||]]>
    </line>
    <line>
      <![CDATA[<EnterText on New Staff Name textbox as Cecilia Eemil>||]]>
    </line>
    <line>
      <![CDATA[Clicked on Cancel Button||]]>
    </line>
    <line>
      <![CDATA[Clicked on Create New Staff Button||]]>
    </line>
    <line>
      <![CDATA[<EnterText on New Staff Name textbox as Cecilia Eemil>||]]>
    </line>
    <line>
      <![CDATA[Clicked on Save Button||]]>
    </line>
    <line>
      <![CDATA[Clicked on Account Menu||]]>
    </line>
    <line>
      <![CDATA[Clicked on Account Logout||]]>
    </line>
    <line>
      <![CDATA[Clicked on Login Link||]]>
    </line>
    <line>
      <![CDATA[<EnterText on Login textbox as admin>||]]>
    </line>
    <line>
      <![CDATA[<EnterText on Password textbox as admin>||]]>
    </line>
    <line>
      <![CDATA[Clicked on Authenticate button||]]>
    </line>
    <line>
      <![CDATA[Clicked on Entities Menu||]]>
    </line>
    <line>
      <![CDATA[Clicked on Entities Staff Menu||]]>
    </line>
    <line>
      <![CDATA[Clicked on Create New Staff Button||]]>
    </line>
    <line>
      <![CDATA[<EnterText on New Staff Name textbox as Lia Kliment>||]]>
    </line>
    <line>
      <![CDATA[Clicked on Cancel Button||]]>
    </line>
    <line>
      <![CDATA[Clicked on Create New Staff Button||]]>
    </line>
    <line>
      <![CDATA[<EnterText on New Staff Name textbox as Lia Kliment>||]]>
    </line>
    <line>
      <![CDATA[Clicked on Save Button||]]>
    </line>
    <line>
      <![CDATA[Clicked on Account Menu||]]>
    </line>
    <line>
      <![CDATA[Clicked on Account Logout||]]>
    </line>
    <line>
      <![CDATA[Clicked on Login Link||]]>
    </line>
    <line>
      <![CDATA[<EnterText on Login textbox as admin>||]]>
    </line>
    <line>
      <![CDATA[<EnterText on Password textbox as admin>||]]>
    </line>
    <line>
      <![CDATA[Clicked on Authenticate button||]]>
    </line>
    <line>
      <![CDATA[Clicked on Entities Menu||]]>
    </line>
    <line>
      <![CDATA[Clicked on Entities Staff Menu||]]>
    </line>
    <line>
      <![CDATA[Clicked on Create New Staff Button||]]>
    </line>
    <line>
      <![CDATA[<EnterText on New Staff Name textbox as Rebecca Marylyn>||]]>
    </line>
    <line>
      <![CDATA[Clicked on Cancel Button||]]>
    </line>
    <line>
      <![CDATA[Clicked on Create New Staff Button||]]>
    </line>
    <line>
      <![CDATA[<EnterText on New Staff Name textbox as Rebecca Marylyn>||]]>
    </line>
    <line>
      <![CDATA[Clicked on Save Button||]]>
    </line>
    <line>
      <![CDATA[Clicked on Account Menu||]]>
    </line>
    <line>
      <![CDATA[Clicked on Account Logout||]]>
    </line>
    <line>
      <![CDATA[Clicked on Login Link||]]>
    </line>
    <line>
      <![CDATA[<EnterText on Login textbox as admin>||]]>
    </line>
    <line>
      <![CDATA[<EnterText on Password textbox as admin>||]]>
    </line>
    <line>
      <![CDATA[Clicked on Authenticate button||]]>
    </line>
    <line>
      <![CDATA[Clicked on Entities Menu||]]>
    </line>
    <line>
      <![CDATA[Clicked on Entities Staff Menu||]]>
    </line>
    <line>
      <![CDATA[Clicked on Create New Staff Button||]]>
    </line>
    <line>
      <![CDATA[<EnterText on New Staff Name textbox as Jurre Ognjen>||]]>
    </line>
    <line>
      <![CDATA[Clicked on Cancel Button||]]>
    </line>
    <line>
      <![CDATA[Clicked on Create New Staff Button||]]>
    </line>
    <line>
      <![CDATA[<EnterText on New Staff Name textbox as Jurre Ognjen>||]]>
    </line>
    <line>
      <![CDATA[Clicked on Save Button||]]>
    </line>
    <line>
      <![CDATA[Clicked on Account Menu||]]>
    </line>
    <line>
      <![CDATA[Clicked on Account Logout||]]>
    </line>
    <line>
      <![CDATA[Clicked on Login Link||]]>
    </line>
    <line>
      <![CDATA[<EnterText on Login textbox as admin>||]]>
    </line>
    <line>
      <![CDATA[<EnterText on Password textbox as admin>||]]>
    </line>
    <line>
      <![CDATA[Clicked on Authenticate button||]]>
    </line>
    <line>
      <![CDATA[Clicked on Entities Menu||]]>
    </line>
    <line>
      <![CDATA[Clicked on Entities Staff Menu||]]>
    </line>
    <line>
      <![CDATA[Clicked on Create New Staff Button||]]>
    </line>
    <line>
      <![CDATA[<EnterText on New Staff Name textbox as Jarek Gereon>||]]>
    </line>
    <line>
      <![CDATA[Clicked on Cancel Button||]]>
    </line>
    <line>
      <![CDATA[Clicked on Create New Staff Button||]]>
    </line>
    <line>
      <![CDATA[<EnterText on New Staff Name textbox as Jarek Gereon>||]]>
    </line>
    <line>
      <![CDATA[Clicked on Save Button||]]>
    </line>
    <line>
      <![CDATA[Clicked on Account Menu||]]>
    </line>
    <line>
      <![CDATA[Clicked on Account Logout||]]>
    </line>
    <line>
      <![CDATA[Clicked on Login Link||]]>
    </line>
    <line>
      <![CDATA[<EnterText on Login textbox as admin>||]]>
    </line>
    <line>
      <![CDATA[<EnterText on Password textbox as admin>||]]>
    </line>
    <line>
      <![CDATA[Clicked on Authenticate button||]]>
    </line>
    <line>
      <![CDATA[Clicked on Entities Menu||]]>
    </line>
    <line>
      <![CDATA[Clicked on Entities Staff Menu||]]>
    </line>
    <line>
      <![CDATA[Clicked on Create New Staff Button||]]>
    </line>
    <line>
      <![CDATA[<EnterText on New Staff Name textbox as Juliette Luciano>||]]>
    </line>
    <line>
      <![CDATA[Clicked on Cancel Button||]]>
    </line>
    <line>
      <![CDATA[Clicked on Create New Staff Button||]]>
    </line>
    <line>
      <![CDATA[<EnterText on New Staff Name textbox as Juliette Luciano>||]]>
    </line>
    <line>
      <![CDATA[Clicked on Save Button||]]>
    </line>
    <line>
      <![CDATA[Clicked on Account Menu||]]>
    </line>
    <line>
      <![CDATA[Clicked on Account Logout||]]>
    </line>
    <line>
      <![CDATA[Clicked on Login Link||]]>
    </line>
    <line>
      <![CDATA[<EnterText on Login textbox as admin>||]]>
    </line>
    <line>
      <![CDATA[<EnterText on Password textbox as admin>||]]>
    </line>
    <line>
      <![CDATA[Clicked on Authenticate button||]]>
    </line>
    <line>
      <![CDATA[Clicked on Entities Menu||]]>
    </line>
    <line>
      <![CDATA[Clicked on Entities Staff Menu||]]>
    </line>
    <line>
      <![CDATA[Clicked on Create New Staff Button||]]>
    </line>
    <line>
      <![CDATA[<EnterText on New Staff Name textbox as Kirstie Lexy>||]]>
    </line>
    <line>
      <![CDATA[Clicked on Cancel Button||]]>
    </line>
    <line>
      <![CDATA[Clicked on Create New Staff Button||]]>
    </line>
    <line>
      <![CDATA[<EnterText on New Staff Name textbox as Kirstie Lexy>||]]>
    </line>
    <line>
      <![CDATA[Clicked on Save Button||]]>
    </line>
    <line>
      <![CDATA[Clicked on Account Menu||]]>
    </line>
    <line>
      <![CDATA[Clicked on Account Logout||]]>
    </line>
    <line>
      <![CDATA[Clicked on Login Link||]]>
    </line>
    <line>
      <![CDATA[<EnterText on Login textbox as admin>||]]>
    </line>
    <line>
      <![CDATA[<EnterText on Password textbox as admin>||]]>
    </line>
    <line>
      <![CDATA[Clicked on Authenticate button||]]>
    </line>
    <line>
      <![CDATA[Clicked on Entities Menu||]]>
    </line>
    <line>
      <![CDATA[Clicked on Entities Staff Menu||]]>
    </line>
    <line>
      <![CDATA[Clicked on Create New Staff Button||]]>
    </line>
    <line>
      <![CDATA[<EnterText on New Staff Name textbox as Paulus Aura>||]]>
    </line>
    <line>
      <![CDATA[Clicked on Cancel Button||]]>
    </line>
    <line>
      <![CDATA[Clicked on Create New Staff Button||]]>
    </line>
    <line>
      <![CDATA[<EnterText on New Staff Name textbox as Paulus Aura>||]]>
    </line>
    <line>
      <![CDATA[Clicked on Save Button||]]>
    </line>
    <line>
      <![CDATA[Clicked on Account Menu||]]>
    </line>
    <line>
      <![CDATA[Clicked on Account Logout||]]>
    </line>
    <line>
      <![CDATA[Clicked on Login Link||]]>
    </line>
    <line>
      <![CDATA[<EnterText on Login textbox as admin>||]]>
    </line>
    <line>
      <![CDATA[<EnterText on Password textbox as admin>||]]>
    </line>
    <line>
      <![CDATA[Clicked on Authenticate button||]]>
    </line>
    <line>
      <![CDATA[Clicked on Entities Menu||]]>
    </line>
    <line>
      <![CDATA[Clicked on Entities Staff Menu||]]>
    </line>
    <line>
      <![CDATA[Clicked on Create New Staff Button||]]>
    </line>
    <line>
      <![CDATA[<EnterText on New Staff Name textbox as Casper Urien>||]]>
    </line>
    <line>
      <![CDATA[Clicked on Cancel Button||]]>
    </line>
    <line>
      <![CDATA[Clicked on Create New Staff Button||]]>
    </line>
    <line>
      <![CDATA[<EnterText on New Staff Name textbox as Casper Urien>||]]>
    </line>
    <line>
      <![CDATA[Clicked on Save Button||]]>
    </line>
    <line>
      <![CDATA[Clicked on Account Menu||]]>
    </line>
    <line>
      <![CDATA[Clicked on Account Logout||]]>
    </line>
    <line>
      <![CDATA[Clicked on Login Link||]]>
    </line>
    <line>
      <![CDATA[<EnterText on Login textbox as admin>||]]>
    </line>
    <line>
      <![CDATA[<EnterText on Password textbox as admin>||]]>
    </line>
    <line>
      <![CDATA[Clicked on Authenticate button||]]>
    </line>
    <line>
      <![CDATA[Clicked on Entities Menu||]]>
    </line>
    <line>
      <![CDATA[Clicked on Entities Staff Menu||]]>
    </line>
    <line>
      <![CDATA[Clicked on Create New Staff Button||]]>
    </line>
    <line>
      <![CDATA[<EnterText on New Staff Name textbox as Roald Radovan>||]]>
    </line>
    <line>
      <![CDATA[Clicked on Cancel Button||]]>
    </line>
    <line>
      <![CDATA[Clicked on Create New Staff Button||]]>
    </line>
    <line>
      <![CDATA[<EnterText on New Staff Name textbox as Roald Radovan>||]]>
    </line>
    <line>
      <![CDATA[Clicked on Save Button||]]>
    </line>
    <line>
      <![CDATA[Clicked on Account Menu||]]>
    </line>
    <line>
      <![CDATA[Clicked on Account Logout||]]>
    </line>
    <line>
      <![CDATA[Clicked on Login Link||]]>
    </line>
    <line>
      <![CDATA[<EnterText on Login textbox as admin>||]]>
    </line>
    <line>
      <![CDATA[<EnterText on Password textbox as admin>||]]>
    </line>
    <line>
      <![CDATA[Clicked on Authenticate button||]]>
    </line>
    <line>
      <![CDATA[Clicked on Entities Menu||]]>
    </line>
    <line>
      <![CDATA[Clicked on Entities Staff Menu||]]>
    </line>
    <line>
      <![CDATA[Clicked on Delete Staff Button||]]>
    </line>
    <line>
      <![CDATA[Clicked on Cancel Delete Staff Button||]]>
    </line>
    <line>
      <![CDATA[Clicked on Delete Staff Button||]]>
    </line>
    <line>
      <![CDATA[Clicked on Confirm Delete Staff Button||]]>
    </line>
    <line>
      <![CDATA[Clicked on Account Menu||]]>
    </line>
    <line>
      <![CDATA[Clicked on Account Logout||]]>
    </line>
    <line>
      <![CDATA[Clicked on Login Link||]]>
    </line>
    <line>
      <![CDATA[<EnterText on Login textbox as admin>||]]>
    </line>
    <line>
      <![CDATA[<EnterText on Password textbox as admin>||]]>
    </line>
    <line>
      <![CDATA[Clicked on Authenticate button||]]>
    </line>
    <line>
      <![CDATA[Clicked on Entities Menu||]]>
    </line>
    <line>
      <![CDATA[Clicked on Entities Staff Menu||]]>
    </line>
    <line>
      <![CDATA[Clicked on Edit Staff Button||]]>
    </line>
    <line>
      <![CDATA[Details are as expected when editing Staff Details||]]>
    </line>
    <line>
      <![CDATA[<EnterText on New Staff Name textbox as John Lakers>||]]>
    </line>
    <line>
      <![CDATA[Clicked on Cancel Button||]]>
    </line>
    <line>
      <![CDATA[Clicked on Edit Staff Button||]]>
    </line>
    <line>
      <![CDATA[<EnterText on New Staff Name textbox as John Lakers>||]]>
    </line>
    <line>
      <![CDATA[Clicked on Save Button||]]>
    </line>
    <line>
      <![CDATA[Clicked on Account Menu||]]>
    </line>
    <line>
      <![CDATA[Clicked on Account Logout||]]>
    </line>
    <line>
      <![CDATA[Clicked on Login Link||]]>
    </line>
    <line>
      <![CDATA[<EnterText on Login textbox as admin>||]]>
    </line>
    <line>
      <![CDATA[<EnterText on Password textbox as admin>||]]>
    </line>
    <line>
      <![CDATA[Clicked on Authenticate button||]]>
    </line>
    <line>
      <![CDATA[Clicked on Entities Menu||]]>
    </line>
    <line>
      <![CDATA[Clicked on Entities Staff Menu||]]>
    </line>
    <line>
      <![CDATA[Clicked on Edit Staff Button||]]>
    </line>
    <line>
      <![CDATA[Details are as expected when editing Staff Details||]]>
    </line>
    <line>
      <![CDATA[<EnterText on New Staff Name textbox as Cecilia Eemil>||]]>
    </line>
    <line>
      <![CDATA[Clicked on Cancel Button||]]>
    </line>
    <line>
      <![CDATA[Clicked on Edit Staff Button||]]>
    </line>
    <line>
      <![CDATA[<EnterText on New Staff Name textbox as Cecilia Eemil>||]]>
    </line>
    <line>
      <![CDATA[Clicked on Save Button||]]>
    </line>
    <line>
      <![CDATA[Clicked on Account Menu||]]>
    </line>
    <line>
      <![CDATA[Clicked on Account Logout||]]>
    </line>
    <line>
      <![CDATA[Clicked on Login Link||]]>
    </line>
    <line>
      <![CDATA[<EnterText on Login textbox as admin>||]]>
    </line>
    <line>
      <![CDATA[<EnterText on Password textbox as admin>||]]>
    </line>
    <line>
      <![CDATA[Clicked on Authenticate button||]]>
    </line>
    <line>
      <![CDATA[Clicked on Entities Menu||]]>
    </line>
    <line>
      <![CDATA[Clicked on Entities Staff Menu||]]>
    </line>
    <line>
      <![CDATA[<EnterText on Search Staff textbox as John Lakers>||]]>
    </line>
    <line>
      <![CDATA[Clicked on Search Staff Button||]]>
    </line>
    <line>
      <![CDATA[Clicked on Account Menu||]]>
    </line>
    <line>
      <![CDATA[Clicked on Account Logout||]]>
    </line>
    <line>
      <![CDATA[Clicked on Login Link||]]>
    </line>
    <line>
      <![CDATA[<EnterText on Login textbox as admin>||]]>
    </line>
    <line>
      <![CDATA[<EnterText on Password textbox as admin>||]]>
    </line>
    <line>
      <![CDATA[Clicked on Authenticate button||]]>
    </line>
    <line>
      <![CDATA[Clicked on Entities Menu||]]>
    </line>
    <line>
      <![CDATA[Clicked on Entities Staff Menu||]]>
    </line>
    <line>
      <![CDATA[<EnterText on Search Staff textbox as Human Resource>||]]>
    </line>
    <line>
      <![CDATA[Clicked on Search Staff Button||]]>
    </line>
    <line>
      <![CDATA[There are no records available||]]>
    </line>
    <line>
      <![CDATA[Clicked on Account Menu||]]>
    </line>
    <line>
      <![CDATA[Clicked on Account Logout||]]>
    </line>
    <line>
      <![CDATA[Clicked on Login Link||]]>
    </line>
    <line>
      <![CDATA[<EnterText on Login textbox as admin>||]]>
    </line>
    <line>
      <![CDATA[<EnterText on Password textbox as admin>||]]>
    </line>
    <line>
      <![CDATA[Clicked on Authenticate button||]]>
    </line>
    <line>
      <![CDATA[Clicked on Entities Menu||]]>
    </line>
    <line>
      <![CDATA[Clicked on Entities Staff Menu||]]>
    </line>
    <line>
      <![CDATA[[FAILURE] Requested record is not present in the list||]]>
    </line>
    <line>
      <![CDATA[Clicked on Login Link||]]>
    </line>
    <line>
      <![CDATA[<EnterText on Login textbox as admin>||]]>
    </line>
    <line>
      <![CDATA[<EnterText on Password textbox as admin>||]]>
    </line>
    <line>
      <![CDATA[Clicked on Authenticate button||]]>
    </line>
    <line>
      <![CDATA[Clicked on Entities Menu||]]>
    </line>
    <line>
      <![CDATA[Clicked on Entities Staff Menu||]]>
    </line>
    <line>
      <![CDATA[Clicked on View Staff Button||]]>
    </line>
    <line>
      <![CDATA[Details are as expected when viewing Staff Details||]]>
    </line>
    <line>
      <![CDATA[Clicked on Back Button||]]>
    </line>
    <line>
      <![CDATA[Clicked on Edit Staff Button||]]>
    </line>
    <line>
      <![CDATA[Details are as expected when editing Staff Details||]]>
    </line>
    <line>
      <![CDATA[<EnterText on New Staff Name textbox as Cecilia Eemil>||]]>
    </line>
    <line>
      <![CDATA[Clicked on Cancel Button||]]>
    </line>
    <line>
      <![CDATA[Clicked on Edit Staff Button||]]>
    </line>
    <line>
      <![CDATA[<EnterText on New Staff Name textbox as Cecilia Eemil>||]]>
    </line>
    <line>
      <![CDATA[Clicked on Save Button||]]>
    </line>
    <line>
      <![CDATA[Clicked on Account Menu||]]>
    </line>
    <line>
      <![CDATA[Clicked on Account Logout||]]>
    </line>
    <line>
      <![CDATA[Clicked on Login Link||]]>
    </line>
    <line>
      <![CDATA[<EnterText on Login textbox as admin>||]]>
    </line>
    <line>
      <![CDATA[<EnterText on Password textbox as admin>||]]>
    </line>
    <line>
      <![CDATA[Clicked on Authenticate button||]]>
    </line>
    <line>
      <![CDATA[Clicked on Entities Menu||]]>
    </line>
    <line>
      <![CDATA[Clicked on Entities Staff Menu||]]>
    </line>
    <line>
      <![CDATA[Clicked on View Staff Button||]]>
    </line>
    <line>
      <![CDATA[Details are as expected when viewing Staff Details||]]>
    </line>
    <line>
      <![CDATA[Clicked on Back Button||]]>
    </line>
    <line>
      <![CDATA[Clicked on Edit Staff Button||]]>
    </line>
    <line>
      <![CDATA[Details are as expected when editing Staff Details||]]>
    </line>
    <line>
      <![CDATA[<EnterText on New Staff Name textbox as Cecilia Eemil>||]]>
    </line>
    <line>
      <![CDATA[Clicked on Cancel Button||]]>
    </line>
    <line>
      <![CDATA[Clicked on Edit Staff Button||]]>
    </line>
    <line>
      <![CDATA[<EnterText on New Staff Name textbox as Cecilia Eemil>||]]>
    </line>
    <line>
      <![CDATA[Clicked on Save Button||]]>
    </line>
    <line>
      <![CDATA[Clicked on Account Menu||]]>
    </line>
    <line>
      <![CDATA[Clicked on Account Logout||]]>
    </line>
    <line>
      <![CDATA[Clicked on Login Link||]]>
    </line>
    <line>
      <![CDATA[<EnterText on Login textbox as admin>||]]>
    </line>
    <line>
      <![CDATA[<EnterText on Password textbox as admin>||]]>
    </line>
    <line>
      <![CDATA[Clicked on Authenticate button||]]>
    </line>
    <line>
      <![CDATA[Clicked on Account Menu||]]>
    </line>
    <line>
      <![CDATA[Clicked on Account Seetings Menu||]]>
    </line>
    <line>
      <![CDATA[User Details are as expected when viewing user Details||]]>
    </line>
    <line>
      <![CDATA[<EnterText on First name textbox as Administrator>||]]>
    </line>
    <line>
      <![CDATA[<EnterText on Last name textbox as Administrator>||]]>
    </line>
    <line>
      <![CDATA[<EnterText on Email textbox as admin@localhost>||]]>
    </line>
    <line>
      <![CDATA[Clicked on Save button||]]>
    </line>
    <line>
      <![CDATA[Settings are saved successfully.||]]>
    </line>
    <line>
      <![CDATA[Clicked on Account Menu||]]>
    </line>
    <line>
      <![CDATA[Clicked on Account Logout||]]>
    </line>
    <line>
      <![CDATA[Clicked on Register a New Account Link||]]>
    </line>
    <line>
      <![CDATA[<EnterText on Login textbox as johnadmin>||]]>
    </line>
    <line>
      <![CDATA[<EnterText on Email textbox as johnadmin@localhost.com>||]]>
    </line>
    <line>
      <![CDATA[<EnterText on Password textbox as admin>||]]>
    </line>
    <line>
      <![CDATA[<EnterText on Confirm Password textbox as admin>||]]>
    </line>
    <line>
      <![CDATA[Clicked on Authenticate button||]]>
    </line>
    <line>
      <![CDATA[[FAILURE] New User Registration has Failed||]]>
    </line>
    <line>
      <![CDATA[Clicked on Register a New Account Link||]]>
    </line>
    <line>
      <![CDATA[<EnterText on Login textbox as adminuser>||]]>
    </line>
    <line>
      <![CDATA[<EnterText on Email textbox as adminuser@localhost>||]]>
    </line>
    <line>
      <![CDATA[<EnterText on Password textbox as admin123>||]]>
    </line>
    <line>
      <![CDATA[<EnterText on Confirm Password textbox as admin123>||]]>
    </line>
    <line>
      <![CDATA[Clicked on Authenticate button||]]>
    </line>
    <line>
      <![CDATA[[FAILURE] New User Registration has Failed||]]>
    </line>
  </reporter-output>
  <suite name="GurukulamTestSuite" duration-ms="1708544" started-at="2018-08-14T20:20:48Z" finished-at="2018-08-14T20:49:16Z">
    <groups>
    </groups>
    <test name="FunctionalityTest" duration-ms="1708544" started-at="2018-08-14T20:20:48Z" finished-at="2018-08-14T20:49:16Z">
      <class name="com.myproject.automationframework.tests.LoginUserDetailsTest">
        <test-method status="PASS" signature="startIteration(java.lang.reflect.Method, [Ljava.lang.Object;)[pri:0, instance:com.myproject.automationframework.tests.LoginUserDetailsTest@490ab905]" name="startIteration" is-config="true" duration-ms="3772" started-at="2018-08-14T22:48:34Z" finished-at="2018-08-14T22:48:38Z">
          <params>
            <param index="0">
              <value>
                <![CDATA[public void com.myproject.automationframework.tests.LoginUserDetailsTest.verifyLoginLogoutUserDeatils(java.lang.Integer,java.lang.Object) throws java.lang.Exception]]>
              </value>
            </param>
            <param index="1">
              <value>
                <![CDATA[[Ljava.lang.Object;@593e824f]]>
              </value>
            </param>
          </params>
          <reporter-output>
          </reporter-output>
        </test-method> <!-- startIteration -->
        <test-method status="PASS" signature="verifyLoginLogoutUserDeatils(java.lang.Integer, java.lang.Object)[pri:1, instance:com.myproject.automationframework.tests.LoginUserDetailsTest@490ab905]" name="verifyLoginLogoutUserDeatils" duration-ms="19737" started-at="2018-08-14T22:48:38Z" data-provider="iterator" finished-at="2018-08-14T22:48:57Z">
          <params>
            <param index="0">
              <value>
                <![CDATA[1]]>
              </value>
            </param>
            <param index="1">
              <value>
                <![CDATA[[[Ljava.lang.Object;@5d5d9e5]]>
              </value>
            </param>
          </params>
          <reporter-output>
            <line>
              <![CDATA[Clicked on Login Link||]]>
            </line>
            <line>
              <![CDATA[<EnterText on Login textbox as admin>||]]>
            </line>
            <line>
              <![CDATA[<EnterText on Password textbox as admin>||]]>
            </line>
            <line>
              <![CDATA[Clicked on Authenticate button||]]>
            </line>
            <line>
              <![CDATA[Clicked on Account Menu||]]>
            </line>
            <line>
              <![CDATA[Clicked on Account Seetings Menu||]]>
            </line>
            <line>
              <![CDATA[User Details are as expected when viewing user Details||]]>
            </line>
            <line>
              <![CDATA[<EnterText on First name textbox as Administrator>||]]>
            </line>
            <line>
              <![CDATA[<EnterText on Last name textbox as Administrator>||]]>
            </line>
            <line>
              <![CDATA[<EnterText on Email textbox as admin@localhost>||]]>
            </line>
            <line>
              <![CDATA[Clicked on Save button||]]>
            </line>
            <line>
              <![CDATA[Settings are saved successfully.||]]>
            </line>
            <line>
              <![CDATA[Clicked on Account Menu||]]>
            </line>
            <line>
              <![CDATA[Clicked on Account Logout||]]>
            </line>
          </reporter-output>
        </test-method> <!-- verifyLoginLogoutUserDeatils -->
        <test-method status="PASS" signature="endIteration(org.testng.ITestResult, [Ljava.lang.Object;)[pri:0, instance:com.myproject.automationframework.tests.LoginUserDetailsTest@490ab905]" name="endIteration" is-config="true" duration-ms="2218" started-at="2018-08-14T22:48:57Z" finished-at="2018-08-14T22:49:00Z">
          <params>
            <param index="0">
              <value>
                <![CDATA[[TestResult name=verifyLoginLogoutUserDeatils status=SUCCESS method=LoginUserDetailsTest.verifyLoginLogoutUserDeatils(java.lang.Integer, java.lang.Object)[pri:1, instance:com.myproject.automationframework.tests.LoginUserDetailsTest@490ab905] output=Clicked on Login Link||]]]>
              </value>
            </param>
            <param index="1">
              <value>
                <![CDATA[[Ljava.lang.Object;@593e824f]]>
              </value>
            </param>
          </params>
          <reporter-output>
          </reporter-output>
        </test-method> <!-- endIteration -->
      </class> <!-- com.myproject.automationframework.tests.LoginUserDetailsTest -->
      <class name="com.myproject.automationframework.tests.EntitiesStaffTest">
        <test-method status="PASS" signature="startIteration(java.lang.reflect.Method, [Ljava.lang.Object;)[pri:0, instance:com.myproject.automationframework.tests.EntitiesStaffTest@1e397ed7]" name="startIteration" is-config="true" duration-ms="3669" started-at="2018-08-14T22:34:42Z" finished-at="2018-08-14T22:34:45Z">
          <params>
            <param index="0">
              <value>
                <![CDATA[public void com.myproject.automationframework.tests.EntitiesStaffTest.addNewStaff(java.lang.Integer,java.lang.Object) throws java.lang.Exception]]>
              </value>
            </param>
            <param index="1">
              <value>
                <![CDATA[[Ljava.lang.Object;@72ccd81a]]>
              </value>
            </param>
          </params>
          <reporter-output>
          </reporter-output>
        </test-method> <!-- startIteration -->
        <test-method status="FAIL" signature="addNewStaff(java.lang.Integer, java.lang.Object)[pri:0, instance:com.myproject.automationframework.tests.EntitiesStaffTest@1e397ed7]" name="addNewStaff" duration-ms="48740" started-at="2018-08-14T22:34:45Z" data-provider="iterator" finished-at="2018-08-14T22:35:34Z">
          <params>
            <param index="0">
              <value>
                <![CDATA[1]]>
              </value>
            </param>
            <param index="1">
              <value>
                <![CDATA[[[Ljava.lang.Object;@5b6813df]]>
              </value>
            </param>
          </params>
          <exception class="java.lang.AssertionError">
            <message>
              <![CDATA[New Staff Branch dropdowndoes not have the provided value ]]>
            </message>
            <full-stacktrace>
              <![CDATA[java.lang.AssertionError: New Staff Branch dropdowndoes not have the provided value 
	at org.testng.Assert.fail(Assert.java:94)
	at com.myproject.automationframework.utilities.Actions.HardAssertFail(Actions.java:126)
	at com.myproject.automationframework.utilities.Actions.SelectByText(Actions.java:191)
	at com.myproject.automationframework.pageobjects.EntitiesStaffPage.createNewStaffDetails(EntitiesStaffPage.java:34)
	at com.myproject.automationframework.tests.EntitiesStaffTest.addNewStaff(EntitiesStaffTest.java:30)
	at sun.reflect.NativeMethodAccessorImpl.invoke0(Native Method)
	at sun.reflect.NativeMethodAccessorImpl.invoke(NativeMethodAccessorImpl.java:62)
	at sun.reflect.DelegatingMethodAccessorImpl.invoke(DelegatingMethodAccessorImpl.java:43)
	at java.lang.reflect.Method.invoke(Method.java:498)
	at org.testng.internal.MethodInvocationHelper.invokeMethod(MethodInvocationHelper.java:85)
	at org.testng.internal.Invoker.invokeMethod(Invoker.java:639)
	at org.testng.internal.Invoker.invokeTestMethod(Invoker.java:816)
	at org.testng.internal.Invoker.invokeTestMethods(Invoker.java:1124)
	at org.testng.internal.TestMethodWorker.invokeTestMethods(TestMethodWorker.java:125)
	at org.testng.internal.TestMethodWorker.run(TestMethodWorker.java:108)
	at org.testng.TestRunner.privateRun(TestRunner.java:774)
	at org.testng.TestRunner.run(TestRunner.java:624)
	at org.testng.SuiteRunner.runTest(SuiteRunner.java:359)
	at org.testng.SuiteRunner.runSequentially(SuiteRunner.java:354)
	at org.testng.SuiteRunner.privateRun(SuiteRunner.java:312)
	at org.testng.SuiteRunner.run(SuiteRunner.java:261)
	at org.testng.SuiteRunnerWorker.runSuite(SuiteRunnerWorker.java:52)
	at org.testng.SuiteRunnerWorker.run(SuiteRunnerWorker.java:86)
	at org.testng.TestNG.runSuitesSequentially(TestNG.java:1215)
	at org.testng.TestNG.runSuitesLocally(TestNG.java:1140)
	at org.testng.TestNG.run(TestNG.java:1048)
	at org.testng.remote.AbstractRemoteTestNG.run(AbstractRemoteTestNG.java:114)
	at org.testng.remote.RemoteTestNG.initAndRun(RemoteTestNG.java:251)
	at org.testng.remote.RemoteTestNG.main(RemoteTestNG.java:77)
]]>
            </full-stacktrace>
          </exception> <!-- java.lang.AssertionError -->
          <reporter-output>
            <line>
              <![CDATA[Clicked on Login Link||]]>
            </line>
            <line>
              <![CDATA[<EnterText on Login textbox as admin>||]]>
            </line>
            <line>
              <![CDATA[<EnterText on Password textbox as admin>||]]>
            </line>
            <line>
              <![CDATA[Clicked on Authenticate button||]]>
            </line>
            <line>
              <![CDATA[Clicked on Entities Menu||]]>
            </line>
            <line>
              <![CDATA[Clicked on Entities Staff Menu||]]>
            </line>
            <line>
              <![CDATA[Clicked on Create New Staff Button||]]>
            </line>
            <line>
              <![CDATA[<EnterText on New Staff Name textbox as Alex Doe>||]]>
            </line>
            <line>
              <![CDATA[[FAILURE] New Staff Branch dropdowndoes not have the provided value ||]]>
            </line>
          </reporter-output>
        </test-method> <!-- addNewStaff -->
        <test-method status="PASS" signature="endIteration(org.testng.ITestResult, [Ljava.lang.Object;)[pri:0, instance:com.myproject.automationframework.tests.EntitiesStaffTest@1e397ed7]" name="endIteration" is-config="true" duration-ms="302" started-at="2018-08-14T22:35:34Z" finished-at="2018-08-14T22:35:34Z">
          <params>
            <param index="0">
              <value>
                <![CDATA[[TestResult name=addNewStaff status=FAILURE method=EntitiesStaffTest.addNewStaff(java.lang.Integer, java.lang.Object)[pri:0, instance:com.myproject.automationframework.tests.EntitiesStaffTest@1e397ed7] output=Clicked on Login Link||]]]>
              </value>
            </param>
            <param index="1">
              <value>
                <![CDATA[[Ljava.lang.Object;@72ccd81a]]>
              </value>
            </param>
          </params>
          <reporter-output>
          </reporter-output>
        </test-method> <!-- endIteration -->
        <test-method status="PASS" signature="startIteration(java.lang.reflect.Method, [Ljava.lang.Object;)[pri:0, instance:com.myproject.automationframework.tests.EntitiesStaffTest@1e397ed7]" name="startIteration" is-config="true" duration-ms="3598" started-at="2018-08-14T22:35:34Z" finished-at="2018-08-14T22:35:38Z">
          <params>
            <param index="0">
              <value>
                <![CDATA[public void com.myproject.automationframework.tests.EntitiesStaffTest.addNewStaff(java.lang.Integer,java.lang.Object) throws java.lang.Exception]]>
              </value>
            </param>
            <param index="1">
              <value>
                <![CDATA[[Ljava.lang.Object;@6d8792db]]>
              </value>
            </param>
          </params>
          <reporter-output>
          </reporter-output>
        </test-method> <!-- startIteration -->
        <test-method status="PASS" signature="addNewStaff(java.lang.Integer, java.lang.Object)[pri:0, instance:com.myproject.automationframework.tests.EntitiesStaffTest@1e397ed7]" name="addNewStaff" duration-ms="30918" started-at="2018-08-14T22:35:38Z" data-provider="iterator" finished-at="2018-08-14T22:36:09Z">
          <params>
            <param index="0">
              <value>
                <![CDATA[2]]>
              </value>
            </param>
            <param index="1">
              <value>
                <![CDATA[[[Ljava.lang.Object;@47da3952]]>
              </value>
            </param>
          </params>
          <reporter-output>
            <line>
              <![CDATA[Clicked on Login Link||]]>
            </line>
            <line>
              <![CDATA[<EnterText on Login textbox as admin>||]]>
            </line>
            <line>
              <![CDATA[<EnterText on Password textbox as admin>||]]>
            </line>
            <line>
              <![CDATA[Clicked on Authenticate button||]]>
            </line>
            <line>
              <![CDATA[Clicked on Entities Menu||]]>
            </line>
            <line>
              <![CDATA[Clicked on Entities Staff Menu||]]>
            </line>
            <line>
              <![CDATA[Clicked on Create New Staff Button||]]>
            </line>
            <line>
              <![CDATA[<EnterText on New Staff Name textbox as John Laker>||]]>
            </line>
            <line>
              <![CDATA[Clicked on Cancel Button||]]>
            </line>
            <line>
              <![CDATA[Clicked on Create New Staff Button||]]>
            </line>
            <line>
              <![CDATA[<EnterText on New Staff Name textbox as John Laker>||]]>
            </line>
            <line>
              <![CDATA[Clicked on Save Button||]]>
            </line>
            <line>
              <![CDATA[Clicked on Account Menu||]]>
            </line>
            <line>
              <![CDATA[Clicked on Account Logout||]]>
            </line>
          </reporter-output>
        </test-method> <!-- addNewStaff -->
        <test-method status="PASS" signature="endIteration(org.testng.ITestResult, [Ljava.lang.Object;)[pri:0, instance:com.myproject.automationframework.tests.EntitiesStaffTest@1e397ed7]" name="endIteration" is-config="true" duration-ms="258" started-at="2018-08-14T22:36:09Z" finished-at="2018-08-14T22:36:09Z">
          <params>
            <param index="0">
              <value>
                <![CDATA[[TestResult name=addNewStaff status=SUCCESS method=EntitiesStaffTest.addNewStaff(java.lang.Integer, java.lang.Object)[pri:0, instance:com.myproject.automationframework.tests.EntitiesStaffTest@1e397ed7] output=Clicked on Login Link||]]]>
              </value>
            </param>
            <param index="1">
              <value>
                <![CDATA[[Ljava.lang.Object;@6d8792db]]>
              </value>
            </param>
          </params>
          <reporter-output>
          </reporter-output>
        </test-method> <!-- endIteration -->
        <test-method status="PASS" signature="startIteration(java.lang.reflect.Method, [Ljava.lang.Object;)[pri:0, instance:com.myproject.automationframework.tests.EntitiesStaffTest@1e397ed7]" name="startIteration" is-config="true" duration-ms="3776" started-at="2018-08-14T22:36:09Z" finished-at="2018-08-14T22:36:13Z">
          <params>
            <param index="0">
              <value>
                <![CDATA[public void com.myproject.automationframework.tests.EntitiesStaffTest.addNewStaff(java.lang.Integer,java.lang.Object) throws java.lang.Exception]]>
              </value>
            </param>
            <param index="1">
              <value>
                <![CDATA[[Ljava.lang.Object;@64bc21ac]]>
              </value>
            </param>
          </params>
          <reporter-output>
          </reporter-output>
        </test-method> <!-- startIteration -->
        <test-method status="PASS" signature="addNewStaff(java.lang.Integer, java.lang.Object)[pri:0, instance:com.myproject.automationframework.tests.EntitiesStaffTest@1e397ed7]" name="addNewStaff" duration-ms="30713" started-at="2018-08-14T22:36:13Z" data-provider="iterator" finished-at="2018-08-14T22:36:44Z">
          <params>
            <param index="0">
              <value>
                <![CDATA[3]]>
              </value>
            </param>
            <param index="1">
              <value>
                <![CDATA[[[Ljava.lang.Object;@51e4ccb3]]>
              </value>
            </param>
          </params>
          <reporter-output>
            <line>
              <![CDATA[Clicked on Login Link||]]>
            </line>
            <line>
              <![CDATA[<EnterText on Login textbox as admin>||]]>
            </line>
            <line>
              <![CDATA[<EnterText on Password textbox as admin>||]]>
            </line>
            <line>
              <![CDATA[Clicked on Authenticate button||]]>
            </line>
            <line>
              <![CDATA[Clicked on Entities Menu||]]>
            </line>
            <line>
              <![CDATA[Clicked on Entities Staff Menu||]]>
            </line>
            <line>
              <![CDATA[Clicked on Create New Staff Button||]]>
            </line>
            <line>
              <![CDATA[<EnterText on New Staff Name textbox as Awotwi Uma>||]]>
            </line>
            <line>
              <![CDATA[Clicked on Cancel Button||]]>
            </line>
            <line>
              <![CDATA[Clicked on Create New Staff Button||]]>
            </line>
            <line>
              <![CDATA[<EnterText on New Staff Name textbox as Awotwi Uma>||]]>
            </line>
            <line>
              <![CDATA[Clicked on Save Button||]]>
            </line>
            <line>
              <![CDATA[Clicked on Account Menu||]]>
            </line>
            <line>
              <![CDATA[Clicked on Account Logout||]]>
            </line>
          </reporter-output>
        </test-method> <!-- addNewStaff -->
        <test-method status="PASS" signature="endIteration(org.testng.ITestResult, [Ljava.lang.Object;)[pri:0, instance:com.myproject.automationframework.tests.EntitiesStaffTest@1e397ed7]" name="endIteration" is-config="true" duration-ms="181" started-at="2018-08-14T22:36:44Z" finished-at="2018-08-14T22:36:44Z">
          <params>
            <param index="0">
              <value>
                <![CDATA[[TestResult name=addNewStaff status=SUCCESS method=EntitiesStaffTest.addNewStaff(java.lang.Integer, java.lang.Object)[pri:0, instance:com.myproject.automationframework.tests.EntitiesStaffTest@1e397ed7] output=Clicked on Login Link||]]]>
              </value>
            </param>
            <param index="1">
              <value>
                <![CDATA[[Ljava.lang.Object;@64bc21ac]]>
              </value>
            </param>
          </params>
          <reporter-output>
          </reporter-output>
        </test-method> <!-- endIteration -->
        <test-method status="PASS" signature="startIteration(java.lang.reflect.Method, [Ljava.lang.Object;)[pri:0, instance:com.myproject.automationframework.tests.EntitiesStaffTest@1e397ed7]" name="startIteration" is-config="true" duration-ms="3708" started-at="2018-08-14T22:36:44Z" finished-at="2018-08-14T22:36:47Z">
          <params>
            <param index="0">
              <value>
                <![CDATA[public void com.myproject.automationframework.tests.EntitiesStaffTest.addNewStaff(java.lang.Integer,java.lang.Object) throws java.lang.Exception]]>
              </value>
            </param>
            <param index="1">
              <value>
                <![CDATA[[Ljava.lang.Object;@493dfb8e]]>
              </value>
            </param>
          </params>
          <reporter-output>
          </reporter-output>
        </test-method> <!-- startIteration -->
        <test-method status="PASS" signature="addNewStaff(java.lang.Integer, java.lang.Object)[pri:0, instance:com.myproject.automationframework.tests.EntitiesStaffTest@1e397ed7]" name="addNewStaff" duration-ms="30992" started-at="2018-08-14T22:36:47Z" data-provider="iterator" finished-at="2018-08-14T22:37:18Z">
          <params>
            <param index="0">
              <value>
                <![CDATA[4]]>
              </value>
            </param>
            <param index="1">
              <value>
                <![CDATA[[[Ljava.lang.Object;@46e8a539]]>
              </value>
            </param>
          </params>
          <reporter-output>
            <line>
              <![CDATA[Clicked on Login Link||]]>
            </line>
            <line>
              <![CDATA[<EnterText on Login textbox as admin>||]]>
            </line>
            <line>
              <![CDATA[<EnterText on Password textbox as admin>||]]>
            </line>
            <line>
              <![CDATA[Clicked on Authenticate button||]]>
            </line>
            <line>
              <![CDATA[Clicked on Entities Menu||]]>
            </line>
            <line>
              <![CDATA[Clicked on Entities Staff Menu||]]>
            </line>
            <line>
              <![CDATA[Clicked on Create New Staff Button||]]>
            </line>
            <line>
              <![CDATA[<EnterText on New Staff Name textbox as Amita Micah>||]]>
            </line>
            <line>
              <![CDATA[Clicked on Cancel Button||]]>
            </line>
            <line>
              <![CDATA[Clicked on Create New Staff Button||]]>
            </line>
            <line>
              <![CDATA[<EnterText on New Staff Name textbox as Amita Micah>||]]>
            </line>
            <line>
              <![CDATA[Clicked on Save Button||]]>
            </line>
            <line>
              <![CDATA[Clicked on Account Menu||]]>
            </line>
            <line>
              <![CDATA[Clicked on Account Logout||]]>
            </line>
          </reporter-output>
        </test-method> <!-- addNewStaff -->
        <test-method status="PASS" signature="endIteration(org.testng.ITestResult, [Ljava.lang.Object;)[pri:0, instance:com.myproject.automationframework.tests.EntitiesStaffTest@1e397ed7]" name="endIteration" is-config="true" duration-ms="118" started-at="2018-08-14T22:37:18Z" finished-at="2018-08-14T22:37:19Z">
          <params>
            <param index="0">
              <value>
                <![CDATA[[TestResult name=addNewStaff status=SUCCESS method=EntitiesStaffTest.addNewStaff(java.lang.Integer, java.lang.Object)[pri:0, instance:com.myproject.automationframework.tests.EntitiesStaffTest@1e397ed7] output=Clicked on Login Link||]]]>
              </value>
            </param>
            <param index="1">
              <value>
                <![CDATA[[Ljava.lang.Object;@493dfb8e]]>
              </value>
            </param>
          </params>
          <reporter-output>
          </reporter-output>
        </test-method> <!-- endIteration -->
        <test-method status="PASS" signature="startIteration(java.lang.reflect.Method, [Ljava.lang.Object;)[pri:0, instance:com.myproject.automationframework.tests.EntitiesStaffTest@1e397ed7]" name="startIteration" is-config="true" duration-ms="3675" started-at="2018-08-14T22:37:19Z" finished-at="2018-08-14T22:37:22Z">
          <params>
            <param index="0">
              <value>
                <![CDATA[public void com.myproject.automationframework.tests.EntitiesStaffTest.addNewStaff(java.lang.Integer,java.lang.Object) throws java.lang.Exception]]>
              </value>
            </param>
            <param index="1">
              <value>
                <![CDATA[[Ljava.lang.Object;@5d25e6bb]]>
              </value>
            </param>
          </params>
          <reporter-output>
          </reporter-output>
        </test-method> <!-- startIteration -->
        <test-method status="PASS" signature="addNewStaff(java.lang.Integer, java.lang.Object)[pri:0, instance:com.myproject.automationframework.tests.EntitiesStaffTest@1e397ed7]" name="addNewStaff" duration-ms="30951" started-at="2018-08-14T22:37:22Z" data-provider="iterator" finished-at="2018-08-14T22:37:53Z">
          <params>
            <param index="0">
              <value>
                <![CDATA[5]]>
              </value>
            </param>
            <param index="1">
              <value>
                <![CDATA[[[Ljava.lang.Object;@495083a0]]>
              </value>
            </param>
          </params>
          <reporter-output>
            <line>
              <![CDATA[Clicked on Login Link||]]>
            </line>
            <line>
              <![CDATA[<EnterText on Login textbox as admin>||]]>
            </line>
            <line>
              <![CDATA[<EnterText on Password textbox as admin>||]]>
            </line>
            <line>
              <![CDATA[Clicked on Authenticate button||]]>
            </line>
            <line>
              <![CDATA[Clicked on Entities Menu||]]>
            </line>
            <line>
              <![CDATA[Clicked on Entities Staff Menu||]]>
            </line>
            <line>
              <![CDATA[Clicked on Create New Staff Button||]]>
            </line>
            <line>
              <![CDATA[<EnterText on New Staff Name textbox as Nedeljka Jarred>||]]>
            </line>
            <line>
              <![CDATA[Clicked on Cancel Button||]]>
            </line>
            <line>
              <![CDATA[Clicked on Create New Staff Button||]]>
            </line>
            <line>
              <![CDATA[<EnterText on New Staff Name textbox as Nedeljka Jarred>||]]>
            </line>
            <line>
              <![CDATA[Clicked on Save Button||]]>
            </line>
            <line>
              <![CDATA[Clicked on Account Menu||]]>
            </line>
            <line>
              <![CDATA[Clicked on Account Logout||]]>
            </line>
          </reporter-output>
        </test-method> <!-- addNewStaff -->
        <test-method status="PASS" signature="endIteration(org.testng.ITestResult, [Ljava.lang.Object;)[pri:0, instance:com.myproject.automationframework.tests.EntitiesStaffTest@1e397ed7]" name="endIteration" is-config="true" duration-ms="2380" started-at="2018-08-14T22:37:53Z" finished-at="2018-08-14T22:37:56Z">
          <params>
            <param index="0">
              <value>
                <![CDATA[[TestResult name=addNewStaff status=SUCCESS method=EntitiesStaffTest.addNewStaff(java.lang.Integer, java.lang.Object)[pri:0, instance:com.myproject.automationframework.tests.EntitiesStaffTest@1e397ed7] output=Clicked on Login Link||]]]>
              </value>
            </param>
            <param index="1">
              <value>
                <![CDATA[[Ljava.lang.Object;@5d25e6bb]]>
              </value>
            </param>
          </params>
          <reporter-output>
          </reporter-output>
        </test-method> <!-- endIteration -->
        <test-method status="PASS" signature="startIteration(java.lang.reflect.Method, [Ljava.lang.Object;)[pri:0, instance:com.myproject.automationframework.tests.EntitiesStaffTest@1e397ed7]" name="startIteration" is-config="true" duration-ms="3953" started-at="2018-08-14T22:37:56Z" finished-at="2018-08-14T22:38:00Z">
          <params>
            <param index="0">
              <value>
                <![CDATA[public void com.myproject.automationframework.tests.EntitiesStaffTest.addNewStaff(java.lang.Integer,java.lang.Object) throws java.lang.Exception]]>
              </value>
            </param>
            <param index="1">
              <value>
                <![CDATA[[Ljava.lang.Object;@ce5a68e]]>
              </value>
            </param>
          </params>
          <reporter-output>
          </reporter-output>
        </test-method> <!-- startIteration -->
        <test-method status="PASS" signature="addNewStaff(java.lang.Integer, java.lang.Object)[pri:0, instance:com.myproject.automationframework.tests.EntitiesStaffTest@1e397ed7]" name="addNewStaff" duration-ms="31209" started-at="2018-08-14T22:38:00Z" data-provider="iterator" finished-at="2018-08-14T22:38:31Z">
          <params>
            <param index="0">
              <value>
                <![CDATA[6]]>
              </value>
            </param>
            <param index="1">
              <value>
                <![CDATA[[[Ljava.lang.Object;@5fd62371]]>
              </value>
            </param>
          </params>
          <reporter-output>
            <line>
              <![CDATA[Clicked on Login Link||]]>
            </line>
            <line>
[...]
            </param>
            <param index="1">
              <value>
                <![CDATA[[Ljava.lang.Object;@72e34f77]]>
              </value>
            </param>
          </params>
          <reporter-output>
          </reporter-output>
        </test-method> <!-- endIteration -->
        <test-method status="PASS" signature="startIteration(java.lang.reflect.Method, [Ljava.lang.Object;)[pri:0, instance:com.myproject.automationframework.tests.EntitiesBranchTest@3f49dace]" name="startIteration" is-config="true" duration-ms="4313" started-at="2018-08-14T22:33:42Z" finished-at="2018-08-14T22:33:46Z">
          <params>
            <param index="0">
              <value>
                <![CDATA[public void com.myproject.automationframework.tests.EntitiesBranchTest.viewBranchesAndConfirm(java.lang.Integer,java.lang.Object) throws java.lang.Exception]]>
              </value>
            </param>
            <param index="1">
              <value>
                <![CDATA[[Ljava.lang.Object;@7bf9b098]]>
              </value>
            </param>
          </params>
          <reporter-output>
          </reporter-output>
        </test-method> <!-- startIteration -->
        <test-method status="PASS" signature="viewBranchesAndConfirm(java.lang.Integer, java.lang.Object)[pri:0, instance:com.myproject.automationframework.tests.EntitiesBranchTest@3f49dace]" name="viewBranchesAndConfirm" duration-ms="24970" started-at="2018-08-14T22:33:46Z" data-provider="iterator" finished-at="2018-08-14T22:34:11Z">
          <params>
            <param index="0">
              <value>
                <![CDATA[2]]>
              </value>
            </param>
            <param index="1">
              <value>
                <![CDATA[[[Ljava.lang.Object;@4ef27d66]]>
              </value>
            </param>
          </params>
          <reporter-output>
            <line>
              <![CDATA[Clicked on Login Link||]]>
            </line>
            <line>
              <![CDATA[<EnterText on Login textbox as admin>||]]>
            </line>
            <line>
              <![CDATA[<EnterText on Password textbox as admin>||]]>
            </line>
            <line>
              <![CDATA[Clicked on Authenticate button||]]>
            </line>
            <line>
              <![CDATA[Clicked on Entities Menu||]]>
            </line>
            <line>
              <![CDATA[Clicked on Entities Branch Menu||]]>
            </line>
            <line>
              <![CDATA[Clicked on View Branch Button||]]>
            </line>
            <line>
              <![CDATA[Details are as expected when viewing Branch Details||]]>
            </line>
            <line>
              <![CDATA[Clicked on Back Button||]]>
            </line>
            <line>
              <![CDATA[Clicked on Account Menu||]]>
            </line>
            <line>
              <![CDATA[Clicked on Account Logout||]]>
            </line>
          </reporter-output>
        </test-method> <!-- viewBranchesAndConfirm -->
        <test-method status="PASS" signature="endIteration(org.testng.ITestResult, [Ljava.lang.Object;)[pri:0, instance:com.myproject.automationframework.tests.EntitiesBranchTest@3f49dace]" name="endIteration" is-config="true" duration-ms="266" started-at="2018-08-14T22:34:11Z" finished-at="2018-08-14T22:34:12Z">
          <params>
            <param index="0">
              <value>
                <![CDATA[[TestResult name=viewBranchesAndConfirm status=SUCCESS method=EntitiesBranchTest.viewBranchesAndConfirm(java.lang.Integer, java.lang.Object)[pri:0, instance:com.myproject.automationframework.tests.EntitiesBranchTest@3f49dace] output=Clicked on Login Link||]]]>
              </value>
            </param>
            <param index="1">
              <value>
                <![CDATA[[Ljava.lang.Object;@7bf9b098]]>
              </value>
            </param>
          </params>
          <reporter-output>
          </reporter-output>
        </test-method> <!-- endIteration -->
        <test-method status="PASS" signature="startIteration(java.lang.reflect.Method, [Ljava.lang.Object;)[pri:0, instance:com.myproject.automationframework.tests.EntitiesBranchTest@3f49dace]" name="startIteration" is-config="true" duration-ms="3549" started-at="2018-08-14T22:34:12Z" finished-at="2018-08-14T22:34:15Z">
          <params>
            <param index="0">
              <value>
                <![CDATA[public void com.myproject.automationframework.tests.EntitiesBranchTest.viewBranchesAndConfirm(java.lang.Integer,java.lang.Object) throws java.lang.Exception]]>
              </value>
            </param>
            <param index="1">
              <value>
                <![CDATA[[Ljava.lang.Object;@389adf1d]]>
              </value>
            </param>
          </params>
          <reporter-output>
          </reporter-output>
        </test-method> <!-- startIteration -->
        <test-method status="PASS" signature="viewBranchesAndConfirm(java.lang.Integer, java.lang.Object)[pri:0, instance:com.myproject.automationframework.tests.EntitiesBranchTest@3f49dace]" name="viewBranchesAndConfirm" duration-ms="23923" started-at="2018-08-14T22:34:15Z" data-provider="iterator" finished-at="2018-08-14T22:34:39Z">
          <params>
            <param index="0">
              <value>
                <![CDATA[3]]>
              </value>
            </param>
            <param index="1">
              <value>
                <![CDATA[[[Ljava.lang.Object;@362a019c]]>
              </value>
            </param>
          </params>
          <reporter-output>
            <line>
              <![CDATA[Clicked on Login Link||]]>
            </line>
            <line>
              <![CDATA[<EnterText on Login textbox as admin>||]]>
            </line>
            <line>
              <![CDATA[<EnterText on Password textbox as admin>||]]>
            </line>
            <line>
              <![CDATA[Clicked on Authenticate button||]]>
            </line>
            <line>
              <![CDATA[Clicked on Entities Menu||]]>
            </line>
            <line>
              <![CDATA[Clicked on Entities Branch Menu||]]>
            </line>
            <line>
              <![CDATA[Clicked on View Branch Button||]]>
            </line>
            <line>
              <![CDATA[Details are as expected when viewing Branch Details||]]>
            </line>
            <line>
              <![CDATA[Clicked on Back Button||]]>
            </line>
            <line>
              <![CDATA[Clicked on Account Menu||]]>
            </line>
            <line>
              <![CDATA[Clicked on Account Logout||]]>
            </line>
          </reporter-output>
        </test-method> <!-- viewBranchesAndConfirm -->
        <test-method status="PASS" signature="endIteration(org.testng.ITestResult, [Ljava.lang.Object;)[pri:0, instance:com.myproject.automationframework.tests.EntitiesBranchTest@3f49dace]" name="endIteration" is-config="true" duration-ms="2506" started-at="2018-08-14T22:34:39Z" finished-at="2018-08-14T22:34:42Z">
          <params>
            <param index="0">
              <value>
                <![CDATA[[TestResult name=viewBranchesAndConfirm status=SUCCESS method=EntitiesBranchTest.viewBranchesAndConfirm(java.lang.Integer, java.lang.Object)[pri:0, instance:com.myproject.automationframework.tests.EntitiesBranchTest@3f49dace] output=Clicked on Login Link||]]]>
              </value>
            </param>
            <param index="1">
              <value>
                <![CDATA[[Ljava.lang.Object;@389adf1d]]>
              </value>
            </param>
          </params>
          <reporter-output>
          </reporter-output>
        </test-method> <!-- endIteration -->
        <test-method status="PASS" signature="collectResults()[pri:0, instance:com.myproject.automationframework.tests.EntitiesBranchTest@3f49dace]" name="collectResults" is-config="true" duration-ms="0" started-at="2018-08-14T22:49:16Z" finished-at="2018-08-14T22:49:16Z">
          <reporter-output>
          </reporter-output>
        </test-method> <!-- collectResults -->
      </class> <!-- com.myproject.automationframework.tests.EntitiesBranchTest -->
      <class name="com.myproject.automationframework.tests.NewRegistrationTest">
        <test-method status="PASS" signature="startIteration(java.lang.reflect.Method, [Ljava.lang.Object;)[pri:0, instance:com.myproject.automationframework.tests.NewRegistrationTest@56ac3a89]" name="startIteration" is-config="true" duration-ms="3808" started-at="2018-08-14T22:49:00Z" finished-at="2018-08-14T22:49:03Z">
          <params>
            <param index="0">
              <value>
                <![CDATA[public void com.myproject.automationframework.tests.NewRegistrationTest.newUserRegistration(java.lang.Integer,java.lang.Object) throws java.lang.Exception]]>
              </value>
            </param>
            <param index="1">
              <value>
                <![CDATA[[Ljava.lang.Object;@77307458]]>
              </value>
            </param>
          </params>
          <reporter-output>
          </reporter-output>
        </test-method> <!-- startIteration -->
        <test-method status="FAIL" signature="newUserRegistration(java.lang.Integer, java.lang.Object)[pri:1, instance:com.myproject.automationframework.tests.NewRegistrationTest@56ac3a89]" name="newUserRegistration" duration-ms="3255" started-at="2018-08-14T22:49:03Z" data-provider="iterator" finished-at="2018-08-14T22:49:07Z">
          <params>
            <param index="0">
              <value>
                <![CDATA[1]]>
              </value>
            </param>
            <param index="1">
              <value>
                <![CDATA[[[Ljava.lang.Object;@2b58f754]]>
              </value>
            </param>
          </params>
          <exception class="java.lang.AssertionError">
            <message>
              <![CDATA[New User Registration has Failed]]>
            </message>
            <full-stacktrace>
              <![CDATA[java.lang.AssertionError: New User Registration has Failed
	at org.testng.Assert.fail(Assert.java:94)
	at com.myproject.automationframework.utilities.Actions.HardAssertFail(Actions.java:126)
	at com.myproject.automationframework.pageobjects.RegistrationPage.EnterAuthenticationDetails(RegistrationPage.java:34)
	at com.myproject.automationframework.tests.NewRegistrationTest.newUserRegistration(NewRegistrationTest.java:19)
	at sun.reflect.NativeMethodAccessorImpl.invoke0(Native Method)
	at sun.reflect.NativeMethodAccessorImpl.invoke(NativeMethodAccessorImpl.java:62)
	at sun.reflect.DelegatingMethodAccessorImpl.invoke(DelegatingMethodAccessorImpl.java:43)
	at java.lang.reflect.Method.invoke(Method.java:498)
	at org.testng.internal.MethodInvocationHelper.invokeMethod(MethodInvocationHelper.java:85)
	at org.testng.internal.Invoker.invokeMethod(Invoker.java:639)
	at org.testng.internal.Invoker.invokeTestMethod(Invoker.java:816)
	at org.testng.internal.Invoker.invokeTestMethods(Invoker.java:1124)
	at org.testng.internal.TestMethodWorker.invokeTestMethods(TestMethodWorker.java:125)
	at org.testng.internal.TestMethodWorker.run(TestMethodWorker.java:108)
	at org.testng.TestRunner.privateRun(TestRunner.java:774)
	at org.testng.TestRunner.run(TestRunner.java:624)
	at org.testng.SuiteRunner.runTest(SuiteRunner.java:359)
	at org.testng.SuiteRunner.runSequentially(SuiteRunner.java:354)
	at org.testng.SuiteRunner.privateRun(SuiteRunner.java:312)
	at org.testng.SuiteRunner.run(SuiteRunner.java:261)
	at org.testng.SuiteRunnerWorker.runSuite(SuiteRunnerWorker.java:52)
	at org.testng.SuiteRunnerWorker.run(SuiteRunnerWorker.java:86)
	at org.testng.TestNG.runSuitesSequentially(TestNG.java:1215)
	at org.testng.TestNG.runSuitesLocally(TestNG.java:1140)
	at org.testng.TestNG.run(TestNG.java:1048)
	at org.testng.remote.AbstractRemoteTestNG.run(AbstractRemoteTestNG.java:114)
	at org.testng.remote.RemoteTestNG.initAndRun(RemoteTestNG.java:251)
	at org.testng.remote.RemoteTestNG.main(RemoteTestNG.java:77)
]]>
            </full-stacktrace>
          </exception> <!-- java.lang.AssertionError -->
          <reporter-output>
            <line>
              <![CDATA[Clicked on Register a New Account Link||]]>
            </line>
            <line>
              <![CDATA[<EnterText on Login textbox as johnadmin>||]]>
            </line>
            <line>
              <![CDATA[<EnterText on Email textbox as johnadmin@localhost.com>||]]>
            </line>
            <line>
              <![CDATA[<EnterText on Password textbox as admin>||]]>
            </line>
            <line>
              <![CDATA[<EnterText on Confirm Password textbox as admin>||]]>
            </line>
            <line>
              <![CDATA[Clicked on Authenticate button||]]>
            </line>
            <line>
              <![CDATA[[FAILURE] New User Registration has Failed||]]>
            </line>
          </reporter-output>
        </test-method> <!-- newUserRegistration -->
        <test-method status="PASS" signature="endIteration(org.testng.ITestResult, [Ljava.lang.Object;)[pri:0, instance:com.myproject.automationframework.tests.NewRegistrationTest@56ac3a89]" name="endIteration" is-config="true" duration-ms="2392" started-at="2018-08-14T22:49:07Z" finished-at="2018-08-14T22:49:09Z">
          <params>
            <param index="0">
              <value>
                <![CDATA[[TestResult name=newUserRegistration status=FAILURE method=NewRegistrationTest.newUserRegistration(java.lang.Integer, java.lang.Object)[pri:1, instance:com.myproject.automationframework.tests.NewRegistrationTest@56ac3a89] output=Clicked on Register a New Account Link||]]]>
              </value>
            </param>
            <param index="1">
              <value>
                <![CDATA[[Ljava.lang.Object;@77307458]]>
              </value>
            </param>
          </params>
          <reporter-output>
          </reporter-output>
        </test-method> <!-- endIteration -->
        <test-method status="PASS" signature="startIteration(java.lang.reflect.Method, [Ljava.lang.Object;)[pri:0, instance:com.myproject.automationframework.tests.NewRegistrationTest@56ac3a89]" name="startIteration" is-config="true" duration-ms="3756" started-at="2018-08-14T22:49:09Z" finished-at="2018-08-14T22:49:13Z">
          <params>
            <param index="0">
              <value>
                <![CDATA[public void com.myproject.automationframework.tests.NewRegistrationTest.newUserRegistration(java.lang.Integer,java.lang.Object) throws java.lang.Exception]]>
              </value>
            </param>
            <param index="1">
              <value>
                <![CDATA[[Ljava.lang.Object;@1fc0053e]]>
              </value>
            </param>
          </params>
          <reporter-output>
          </reporter-output>
        </test-method> <!-- startIteration -->
        <test-method status="FAIL" signature="newUserRegistration(java.lang.Integer, java.lang.Object)[pri:1, instance:com.myproject.automationframework.tests.NewRegistrationTest@56ac3a89]" name="newUserRegistration" duration-ms="3059" started-at="2018-08-14T22:49:13Z" data-provider="iterator" finished-at="2018-08-14T22:49:16Z">
          <params>
            <param index="0">
              <value>
                <![CDATA[2]]>
              </value>
            </param>
            <param index="1">
              <value>
                <![CDATA[[[Ljava.lang.Object;@3ebff828]]>
              </value>
            </param>
          </params>
          <exception class="java.lang.AssertionError">
            <message>
              <![CDATA[New User Registration has Failed]]>
            </message>
            <full-stacktrace>
              <![CDATA[java.lang.AssertionError: New User Registration has Failed
	at org.testng.Assert.fail(Assert.java:94)
	at com.myproject.automationframework.utilities.Actions.HardAssertFail(Actions.java:126)
	at com.myproject.automationframework.pageobjects.RegistrationPage.EnterAuthenticationDetails(RegistrationPage.java:34)
	at com.myproject.automationframework.tests.NewRegistrationTest.newUserRegistration(NewRegistrationTest.java:19)
	at sun.reflect.NativeMethodAccessorImpl.invoke0(Native Method)
	at sun.reflect.NativeMethodAccessorImpl.invoke(NativeMethodAccessorImpl.java:62)
	at sun.reflect.DelegatingMethodAccessorImpl.invoke(DelegatingMethodAccessorImpl.java:43)
	at java.lang.reflect.Method.invoke(Method.java:498)
	at org.testng.internal.MethodInvocationHelper.invokeMethod(MethodInvocationHelper.java:85)
	at org.testng.internal.Invoker.invokeMethod(Invoker.java:639)
	at org.testng.internal.Invoker.invokeTestMethod(Invoker.java:816)
	at org.testng.internal.Invoker.invokeTestMethods(Invoker.java:1124)
	at org.testng.internal.TestMethodWorker.invokeTestMethods(TestMethodWorker.java:125)
	at org.testng.internal.TestMethodWorker.run(TestMethodWorker.java:108)
	at org.testng.TestRunner.privateRun(TestRunner.java:774)
	at org.testng.TestRunner.run(TestRunner.java:624)
	at org.testng.SuiteRunner.runTest(SuiteRunner.java:359)
	at org.testng.SuiteRunner.runSequentially(SuiteRunner.java:354)
	at org.testng.SuiteRunner.privateRun(SuiteRunner.java:312)
	at org.testng.SuiteRunner.run(SuiteRunner.java:261)
	at org.testng.SuiteRunnerWorker.runSuite(SuiteRunnerWorker.java:52)
	at org.testng.SuiteRunnerWorker.run(SuiteRunnerWorker.java:86)
	at org.testng.TestNG.runSuitesSequentially(TestNG.java:1215)
	at org.testng.TestNG.runSuitesLocally(TestNG.java:1140)
	at org.testng.TestNG.run(TestNG.java:1048)
	at org.testng.remote.AbstractRemoteTestNG.run(AbstractRemoteTestNG.java:114)
	at org.testng.remote.RemoteTestNG.initAndRun(RemoteTestNG.java:251)
	at org.testng.remote.RemoteTestNG.main(RemoteTestNG.java:77)
]]>
            </full-stacktrace>
          </exception> <!-- java.lang.AssertionError -->
          <reporter-output>
            <line>
              <![CDATA[Clicked on Register a New Account Link||]]>
            </line>
            <line>
              <![CDATA[<EnterText on Login textbox as adminuser>||]]>
            </line>
            <line>
              <![CDATA[<EnterText on Email textbox as adminuser@localhost>||]]>
            </line>
            <line>
              <![CDATA[<EnterText on Password textbox as admin123>||]]>
            </line>
            <line>
              <![CDATA[<EnterText on Confirm Password textbox as admin123>||]]>
            </line>
            <line>
              <![CDATA[Clicked on Authenticate button||]]>
            </line>
            <line>
              <![CDATA[[FAILURE] New User Registration has Failed||]]>
            </line>
          </reporter-output>
        </test-method> <!-- newUserRegistration -->
        <test-method status="PASS" signature="endIteration(org.testng.ITestResult, [Ljava.lang.Object;)[pri:0, instance:com.myproject.automationframework.tests.NewRegistrationTest@56ac3a89]" name="endIteration" is-config="true" duration-ms="304" started-at="2018-08-14T22:49:16Z" finished-at="2018-08-14T22:49:16Z">
          <params>
            <param index="0">
              <value>
                <![CDATA[[TestResult name=newUserRegistration status=FAILURE method=NewRegistrationTest.newUserRegistration(java.lang.Integer, java.lang.Object)[pri:1, instance:com.myproject.automationframework.tests.NewRegistrationTest@56ac3a89] output=Clicked on Register a New Account Link||]]]>
              </value>
            </param>
            <param index="1">
              <value>
                <![CDATA[[Ljava.lang.Object;@1fc0053e]]>
              </value>
            </param>
          </params>
          <reporter-output>
          </reporter-output>
        </test-method> <!-- endIteration -->
      </class> <!-- com.myproject.automationframework.tests.NewRegistrationTest -->
    </test> <!-- FunctionalityTest -->
  </suite> <!-- GurukulamTestSuite -->
</testng-results>
